C:\USERS\KUCZMAMA\DOWNLOADS\OPENGLCSE386 (1)\OPENGLCSE386\KUCZMAMALAB2\DEBUG\KUCZMAMALAB2.OBJ
C:\USERS\KUCZMAMA\DOWNLOADS\OPENGLCSE386 (1)\OPENGLCSE386\KUCZMAMALAB2\DEBUG\VC110.PDB
C:\USERS\KUCZMAMA\DOWNLOADS\OPENGLCSE386 (1)\OPENGLCSE386\DEBUG\KUCZMAMALAB2.ILK
C:\USERS\KUCZMAMA\DOWNLOADS\OPENGLCSE386 (1)\OPENGLCSE386\DEBUG\KUCZMAMALAB2.EXE
C:\USERS\KUCZMAMA\DOWNLOADS\OPENGLCSE386 (1)\OPENGLCSE386\DEBUG\KUCZMAMALAB2.PDB
C:\Users\kuczmama\Downloads\kuczmamaLab09\OpenGlCse386\kuczmamaLab2\Debug\kuczmamaLab2.obj
C:\Users\kuczmama\Downloads\kuczmamaLab09\OpenGlCse386\kuczmamaLab2\Debug\cl.command.1.tlog
C:\Users\kuczmama\Downloads\kuczmamaLab09\OpenGlCse386\kuczmamaLab2\Debug\CL.read.1.tlog
C:\Users\kuczmama\Downloads\kuczmamaLab09\OpenGlCse386\kuczmamaLab2\Debug\CL.write.1.tlog
C:\Users\kuczmama\Downloads\kuczmamaLab09\OpenGlCse386\kuczmamaLab2\Debug\link-cvtres.read.1.tlog
C:\Users\kuczmama\Downloads\kuczmamaLab09\OpenGlCse386\kuczmamaLab2\Debug\link-cvtres.write.1.tlog
C:\Users\kuczmama\Downloads\kuczmamaLab09\OpenGlCse386\kuczmamaLab2\Debug\link-rc.read.1.tlog
C:\Users\kuczmama\Downloads\kuczmamaLab09\OpenGlCse386\kuczmamaLab2\Debug\link-rc.write.1.tlog
C:\Users\kuczmama\Downloads\kuczmamaLab09\OpenGlCse386\kuczmamaLab2\Debug\link.command.1.tlog
C:\Users\kuczmama\Downloads\kuczmamaLab09\OpenGlCse386\kuczmamaLab2\Debug\link.read.1.tlog
C:\Users\kuczmama\Downloads\kuczmamaLab09\OpenGlCse386\kuczmamaLab2\Debug\link.write.1.tlog
C:\Users\kuczmama\Downloads\kuczmamaLab09\OpenGlCse386\kuczmamaLab2\Debug\vc110.idb
C:\Users\kuczmama\Downloads\kuczmamaLab09\OpenGlCse386\kuczmamaLab2\Debug\vc110.pdb
C:\Users\kuczmama\Downloads\kuczmamaLab09\OpenGlCse386\Debug\kuczmamaLab2.pdb
C:\Users\kuczmama\Downloads\kuczmamaLab09\OpenGlCse386\Debug\kuczmamaLab2.exe
C:\Users\kuczmama\Downloads\kuczmamaLab09\OpenGlCse386\Debug\kuczmamaLab2.ilk
