Build started 11/10/2014 5:09:55 PM.
     1>Project "C:\Users\kuczmama\Downloads\OpenGlCse386 (1)\OpenGlCse386\kuczmamaLab7\kuczmamaLab7.vcxproj" on node 2 (Rebuild target(s)).
     1>ClCompile:
         C:\Program Files (x86)\Microsoft Visual Studio 11.0\VC\bin\CL.exe /c /I..\Include /ZI /nologo /W3 /WX- /Od /Oy- /D WIN32 /D _DEBUG /D _CONSOLE /D _UNICODE /D UNICODE /Gm /EHsc /RTC1 /MDd /GS /fp:precise /Zc:wchar_t /Zc:forScope /Fo"Debug\\" /Fd"Debug\vc110.pdb" /Gd /TP /analyze- /errorReport:prompt kuczmamaLab7.cpp Pyramid.cpp
         Pyramid.cpp
         kuczmamaLab7.cpp
     1>c:\users\kuczmama\downloads\openglcse386 (1)\openglcse386\kuczmamalab7\kuczmamalab7.cpp(137): error C2668: 'sqrt' : ambiguous call to overloaded function
                 c:\program files (x86)\microsoft visual studio 11.0\vc\include\xtgmath.h(105): could be 'double sqrt<int>(_Ty)'
                 with
                 [
                     _Ty=int
                 ]
                 c:\program files (x86)\windows kits\8.0\include\um\glm\core\func_exponential.inl(131): or       'genType glm::sqrt<int>(const genType &)'
                 with
                 [
                     genType=int
                 ]
                 while trying to match the argument list '(int)'
     1>c:\users\kuczmama\downloads\openglcse386 (1)\openglcse386\kuczmamalab7\kuczmamalab7.cpp(158): warning C4244: 'argument' : conversion from 'float' to 'GLsizei', possible loss of data
     1>c:\users\kuczmama\downloads\openglcse386 (1)\openglcse386\kuczmamalab7\kuczmamalab7.cpp(168): warning C4244: 'argument' : conversion from 'float' to 'GLsizei', possible loss of data
     1>c:\users\kuczmama\downloads\openglcse386 (1)\openglcse386\kuczmamalab7\kuczmamalab7.cpp(168): warning C4244: 'argument' : conversion from 'float' to 'GLint', possible loss of data
         Generating Code...
     1>Done Building Project "C:\Users\kuczmama\Downloads\OpenGlCse386 (1)\OpenGlCse386\kuczmamaLab7\kuczmamaLab7.vcxproj" (Rebuild target(s)) -- FAILED.

Build FAILED.

Time Elapsed 00:00:13.18
