C:\USERS\KUCZMAMA\DESKTOP\3DBIRDS\KUCZMAMALAB4\DEBUG\COLOREDTHREETRIANGLEFIGURE.OBJ
C:\USERS\KUCZMAMA\DESKTOP\3DBIRDS\KUCZMAMALAB4\DEBUG\FOURPOINTEDSTARFIGURE.OBJ
C:\USERS\KUCZMAMA\DESKTOP\3DBIRDS\KUCZMAMALAB4\DEBUG\INLVCOLOREDTHREETRIANGLEFIGURE.OBJ
C:\USERS\KUCZMAMA\DESKTOP\3DBIRDS\KUCZMAMALAB4\DEBUG\KUCZMAMALAB4.OBJ
C:\USERS\KUCZMAMA\DESKTOP\3DBIRDS\KUCZMAMALAB4\DEBUG\VC110.PDB
C:\USERS\KUCZMAMA\DESKTOP\3DBIRDS\DEBUG\KUCZMAMALAB4.ILK
C:\USERS\KUCZMAMA\DESKTOP\3DBIRDS\DEBUG\KUCZMAMALAB4.EXE
C:\USERS\KUCZMAMA\DESKTOP\3DBIRDS\DEBUG\KUCZMAMALAB4.PDB
C:\Users\kuczmama\Desktop\3DBirds\kuczmamaLab4\Debug\ColoredThreeTriangleFigure.obj
C:\Users\kuczmama\Desktop\3DBirds\kuczmamaLab4\Debug\FourPointedStarFigure.obj
C:\Users\kuczmama\Desktop\3DBirds\kuczmamaLab4\Debug\InLvColoredThreeTriangleFigure.obj
C:\Users\kuczmama\Desktop\3DBirds\kuczmamaLab4\Debug\kuczmamaLab4.obj
C:\Users\kuczmama\Desktop\3DBirds\kuczmamaLab4\Debug\cl.command.1.tlog
C:\Users\kuczmama\Desktop\3DBirds\kuczmamaLab4\Debug\CL.read.1.tlog
C:\Users\kuczmama\Desktop\3DBirds\kuczmamaLab4\Debug\CL.write.1.tlog
C:\Users\kuczmama\Desktop\3DBirds\kuczmamaLab4\Debug\link-cvtres.read.1.tlog
C:\Users\kuczmama\Desktop\3DBirds\kuczmamaLab4\Debug\link-cvtres.write.1.tlog
C:\Users\kuczmama\Desktop\3DBirds\kuczmamaLab4\Debug\link-rc.read.1.tlog
C:\Users\kuczmama\Desktop\3DBirds\kuczmamaLab4\Debug\link-rc.write.1.tlog
C:\Users\kuczmama\Desktop\3DBirds\kuczmamaLab4\Debug\link.command.1.tlog
C:\Users\kuczmama\Desktop\3DBirds\kuczmamaLab4\Debug\link.read.1.tlog
C:\Users\kuczmama\Desktop\3DBirds\kuczmamaLab4\Debug\link.write.1.tlog
C:\Users\kuczmama\Desktop\3DBirds\kuczmamaLab4\Debug\vc110.idb
C:\Users\kuczmama\Desktop\3DBirds\kuczmamaLab4\Debug\vc110.pdb
C:\Users\kuczmama\Desktop\3DBirds\Debug\kuczmamaLab4.pdb
C:\Users\kuczmama\Desktop\3DBirds\Debug\kuczmamaLab4.exe
C:\Users\kuczmama\Desktop\3DBirds\Debug\kuczmamaLab4.ilk
