Build started 11/24/2014 7:14:33 PM.
     1>Project "C:\Users\Jake McCanty\Documents\Classes\CSE 386\3DBirds\OpenGlCse386\OpenGlCse386.vcxproj" on node 2 (Build target(s)).
     1>Lib:
         OpenGlCse386.vcxproj -> C:\Users\Jake McCanty\Documents\Classes\CSE 386\3DBirds\Debug\OpenGlCse386.lib
       PostBuildEvent:
         copy "*.h" "C:\Users\Jake McCanty\Documents\Classes\CSE 386\3DBirds\"\Include\
         copy "C:\Users\Jake McCanty\Documents\Classes\CSE 386\3DBirds\Debug\OpenGlCse386.lib" "C:\Users\Jake McCanty\Documents\Classes\CSE 386\3DBirds\"\"Lib\OpenGlCse386.lib"
         :VCEnd
         al.h
         alc.h
         aldlist.h
         bitmap_class.h
         BuildShaderProgram.h
         Bullet.h
         BulletController.h
         Cone.h
         Controller.h
         Cube.h
         CWaves.h
         Cylinder.h
         efx-creative.h
         EFX-Util.h
         efx.h
         Floor.h
         Floor2.h
         Framework.h
         glutBase.h
         GlutObject.h
         LoadOAL.h
         Material.h
         OpenGLApplicationBase.h
         OrbitController.h
         SharedGeneralLighting.h
         SharedProjectionAndViewing.h
         SoundSource.h
         SpaceShip.h
         Sphere.h
         SpinnerController.h
         textureCoordinates.h
         vertexStructs.h
         VisualObject.h
         Wall.h
         WayPointController.h
         xram.h
                36 file(s) copied.
                 1 file(s) copied.
     1>Done Building Project "C:\Users\Jake McCanty\Documents\Classes\CSE 386\3DBirds\OpenGlCse386\OpenGlCse386.vcxproj" (Build target(s)).

Build succeeded.

Time Elapsed 00:00:00.90
