C:\USERS\KUCZMAMA\DOWNLOADS\OPENGLCSE386 (1)\OPENGLCSE386\KUCZMAMALAB3\DEBUG\FIGUREFIVE.OBJ
C:\USERS\KUCZMAMA\DOWNLOADS\OPENGLCSE386 (1)\OPENGLCSE386\KUCZMAMALAB3\DEBUG\FIGUREFOUR.OBJ
C:\USERS\KUCZMAMA\DOWNLOADS\OPENGLCSE386 (1)\OPENGLCSE386\KUCZMAMALAB3\DEBUG\FIGUREONE.OBJ
C:\USERS\KUCZMAMA\DOWNLOADS\OPENGLCSE386 (1)\OPENGLCSE386\KUCZMAMALAB3\DEBUG\FIGURESEVEN.OBJ
C:\USERS\KUCZMAMA\DOWNLOADS\OPENGLCSE386 (1)\OPENGLCSE386\KUCZMAMALAB3\DEBUG\FIGURESIX.OBJ
C:\USERS\KUCZMAMA\DOWNLOADS\OPENGLCSE386 (1)\OPENGLCSE386\KUCZMAMALAB3\DEBUG\FIGURETHREE.OBJ
C:\USERS\KUCZMAMA\DOWNLOADS\OPENGLCSE386 (1)\OPENGLCSE386\KUCZMAMALAB3\DEBUG\FIGURETWO.OBJ
C:\USERS\KUCZMAMA\DOWNLOADS\OPENGLCSE386 (1)\OPENGLCSE386\KUCZMAMALAB3\DEBUG\KUCZMAMALAB3.OBJ
C:\USERS\KUCZMAMA\DOWNLOADS\OPENGLCSE386 (1)\OPENGLCSE386\KUCZMAMALAB3\DEBUG\VC110.PDB
C:\USERS\KUCZMAMA\DOWNLOADS\OPENGLCSE386 (1)\OPENGLCSE386\DEBUG\KUCZMAMALAB3.ILK
C:\USERS\KUCZMAMA\DOWNLOADS\OPENGLCSE386 (1)\OPENGLCSE386\DEBUG\KUCZMAMALAB3.EXE
C:\USERS\KUCZMAMA\DOWNLOADS\OPENGLCSE386 (1)\OPENGLCSE386\DEBUG\KUCZMAMALAB3.PDB
C:\Users\kuczmama\Downloads\OpenGlCse386 (1)\OpenGlCse386\kuczmamaLab3\Debug\FigureFive.obj
C:\Users\kuczmama\Downloads\OpenGlCse386 (1)\OpenGlCse386\kuczmamaLab3\Debug\FigureFour.obj
C:\Users\kuczmama\Downloads\OpenGlCse386 (1)\OpenGlCse386\kuczmamaLab3\Debug\FigureOne.obj
C:\Users\kuczmama\Downloads\OpenGlCse386 (1)\OpenGlCse386\kuczmamaLab3\Debug\FigureSeven.obj
C:\Users\kuczmama\Downloads\OpenGlCse386 (1)\OpenGlCse386\kuczmamaLab3\Debug\FigureSix.obj
C:\Users\kuczmama\Downloads\OpenGlCse386 (1)\OpenGlCse386\kuczmamaLab3\Debug\FigureThree.obj
C:\Users\kuczmama\Downloads\OpenGlCse386 (1)\OpenGlCse386\kuczmamaLab3\Debug\FigureTwo.obj
C:\Users\kuczmama\Downloads\OpenGlCse386 (1)\OpenGlCse386\kuczmamaLab3\Debug\kuczmamaLab3.obj
C:\Users\kuczmama\Downloads\OpenGlCse386 (1)\OpenGlCse386\kuczmamaLab3\Debug\cl.command.1.tlog
C:\Users\kuczmama\Downloads\OpenGlCse386 (1)\OpenGlCse386\kuczmamaLab3\Debug\CL.read.1.tlog
C:\Users\kuczmama\Downloads\OpenGlCse386 (1)\OpenGlCse386\kuczmamaLab3\Debug\CL.write.1.tlog
C:\Users\kuczmama\Downloads\OpenGlCse386 (1)\OpenGlCse386\kuczmamaLab3\Debug\link-cvtres.read.1.tlog
C:\Users\kuczmama\Downloads\OpenGlCse386 (1)\OpenGlCse386\kuczmamaLab3\Debug\link-cvtres.write.1.tlog
C:\Users\kuczmama\Downloads\OpenGlCse386 (1)\OpenGlCse386\kuczmamaLab3\Debug\link-rc.read.1.tlog
C:\Users\kuczmama\Downloads\OpenGlCse386 (1)\OpenGlCse386\kuczmamaLab3\Debug\link-rc.write.1.tlog
C:\Users\kuczmama\Downloads\OpenGlCse386 (1)\OpenGlCse386\kuczmamaLab3\Debug\link.command.1.tlog
C:\Users\kuczmama\Downloads\OpenGlCse386 (1)\OpenGlCse386\kuczmamaLab3\Debug\link.read.1.tlog
C:\Users\kuczmama\Downloads\OpenGlCse386 (1)\OpenGlCse386\kuczmamaLab3\Debug\link.write.1.tlog
C:\Users\kuczmama\Downloads\OpenGlCse386 (1)\OpenGlCse386\kuczmamaLab3\Debug\vc110.idb
C:\Users\kuczmama\Downloads\OpenGlCse386 (1)\OpenGlCse386\kuczmamaLab3\Debug\vc110.pdb
C:\Users\kuczmama\Downloads\OpenGlCse386 (1)\OpenGlCse386\Debug\kuczmamaLab3.pdb
C:\Users\kuczmama\Downloads\OpenGlCse386 (1)\OpenGlCse386\Debug\kuczmamaLab3.exe
C:\Users\kuczmama\Downloads\OpenGlCse386 (1)\OpenGlCse386\Debug\kuczmamaLab3.ilk
