C:\USERS\KUCZMAMA\DOWNLOADS\KUCZMAMALAB09\OPENGLCSE386\KUCZMAMALAB9\DEBUG\KUCZMAMALAB9.OBJ
C:\USERS\KUCZMAMA\DOWNLOADS\KUCZMAMALAB09\OPENGLCSE386\KUCZMAMALAB9\DEBUG\PYRAMID.OBJ
C:\USERS\KUCZMAMA\DOWNLOADS\KUCZMAMALAB09\OPENGLCSE386\KUCZMAMALAB9\DEBUG\VC110.PDB
C:\USERS\JAKE MCCANTY\DOCUMENTS\CLASSES\CSE 386\3DBIRDS\KUCZMAMALAB9\DEBUG\KUCZMAMALAB9.OBJ
C:\USERS\JAKE MCCANTY\DOCUMENTS\CLASSES\CSE 386\3DBIRDS\KUCZMAMALAB9\DEBUG\PYRAMID.OBJ
C:\USERS\JAKE MCCANTY\DOCUMENTS\CLASSES\CSE 386\3DBIRDS\KUCZMAMALAB9\DEBUG\VC110.PDB
C:\USERS\KUCZMAMA\DOWNLOADS\KUCZMAMALAB09\OPENGLCSE386\DEBUG\KUCZMAMALAB9.ILK
C:\USERS\KUCZMAMA\DOWNLOADS\KUCZMAMALAB09\OPENGLCSE386\DEBUG\KUCZMAMALAB9.EXE
C:\USERS\KUCZMAMA\DOWNLOADS\KUCZMAMALAB09\OPENGLCSE386\DEBUG\KUCZMAMALAB9.PDB
C:\USERS\JAKE MCCANTY\DOCUMENTS\CLASSES\CSE 386\3DBIRDS\DEBUG\KUCZMAMALAB9.ILK
C:\USERS\JAKE MCCANTY\DOCUMENTS\CLASSES\CSE 386\3DBIRDS\DEBUG\KUCZMAMALAB9.EXE
C:\USERS\JAKE MCCANTY\DOCUMENTS\CLASSES\CSE 386\3DBIRDS\DEBUG\KUCZMAMALAB9.PDB
C:\Users\kuczmama\Desktop\3DBirds\kuczmamaLab9\Debug\kuczmamaLab9.obj
C:\Users\kuczmama\Desktop\3DBirds\kuczmamaLab9\Debug\Pyramid.obj
C:\Users\kuczmama\Desktop\3DBirds\kuczmamaLab9\Debug\cl.command.1.tlog
C:\Users\kuczmama\Desktop\3DBirds\kuczmamaLab9\Debug\CL.read.1.tlog
C:\Users\kuczmama\Desktop\3DBirds\kuczmamaLab9\Debug\CL.write.1.tlog
C:\Users\kuczmama\Desktop\3DBirds\kuczmamaLab9\Debug\link-cvtres.read.1.tlog
C:\Users\kuczmama\Desktop\3DBirds\kuczmamaLab9\Debug\link-cvtres.write.1.tlog
C:\Users\kuczmama\Desktop\3DBirds\kuczmamaLab9\Debug\link-rc.read.1.tlog
C:\Users\kuczmama\Desktop\3DBirds\kuczmamaLab9\Debug\link-rc.write.1.tlog
C:\Users\kuczmama\Desktop\3DBirds\kuczmamaLab9\Debug\link.command.1.tlog
C:\Users\kuczmama\Desktop\3DBirds\kuczmamaLab9\Debug\link.read.1.tlog
C:\Users\kuczmama\Desktop\3DBirds\kuczmamaLab9\Debug\link.read.2.tlog
C:\Users\kuczmama\Desktop\3DBirds\kuczmamaLab9\Debug\link.write.1.tlog
C:\Users\kuczmama\Desktop\3DBirds\kuczmamaLab9\Debug\vc110.idb
C:\Users\kuczmama\Desktop\3DBirds\kuczmamaLab9\Debug\vc110.pdb
C:\Users\kuczmama\Desktop\3DBirds\Debug\kuczmamaLab9.pdb
C:\Users\kuczmama\Desktop\3DBirds\Debug\kuczmamaLab9.exe
C:\Users\kuczmama\Desktop\3DBirds\Debug\kuczmamaLab9.ilk
