C:\USERS\KUCZMAMA\DOWNLOADS\KUCZMAMALAB09\OPENGLCSE386\KUCZMAMALAB5\DEBUG\KUCZMAMALAB5.OBJ
C:\USERS\KUCZMAMA\DOWNLOADS\KUCZMAMALAB09\OPENGLCSE386\KUCZMAMALAB5\DEBUG\PYRAMID.OBJ
C:\USERS\KUCZMAMA\DOWNLOADS\KUCZMAMALAB09\OPENGLCSE386\KUCZMAMALAB5\DEBUG\VC110.PDB
C:\USERS\JAKE MCCANTY\DOCUMENTS\CLASSES\CSE 386\3DBIRDS\KUCZMAMALAB5\DEBUG\KUCZMAMALAB5.OBJ
C:\USERS\JAKE MCCANTY\DOCUMENTS\CLASSES\CSE 386\3DBIRDS\KUCZMAMALAB5\DEBUG\PYRAMID.OBJ
C:\USERS\JAKE MCCANTY\DOCUMENTS\CLASSES\CSE 386\3DBIRDS\KUCZMAMALAB5\DEBUG\VC110.PDB
C:\USERS\KUCZMAMA\DOWNLOADS\KUCZMAMALAB09\OPENGLCSE386\DEBUG\KUCZMAMALAB5.ILK
C:\USERS\KUCZMAMA\DOWNLOADS\KUCZMAMALAB09\OPENGLCSE386\DEBUG\KUCZMAMALAB5.EXE
C:\USERS\KUCZMAMA\DOWNLOADS\KUCZMAMALAB09\OPENGLCSE386\DEBUG\KUCZMAMALAB5.PDB
C:\USERS\JAKE MCCANTY\DOCUMENTS\CLASSES\CSE 386\3DBIRDS\DEBUG\KUCZMAMALAB5.ILK
C:\USERS\JAKE MCCANTY\DOCUMENTS\CLASSES\CSE 386\3DBIRDS\DEBUG\KUCZMAMALAB5.EXE
C:\USERS\JAKE MCCANTY\DOCUMENTS\CLASSES\CSE 386\3DBIRDS\DEBUG\KUCZMAMALAB5.PDB
C:\Users\kuczmama\Desktop\3DBirds\kuczmamaLab5\Debug\kuczmamaLab5.obj
C:\Users\kuczmama\Desktop\3DBirds\kuczmamaLab5\Debug\Pyramid.obj
C:\Users\kuczmama\Desktop\3DBirds\kuczmamaLab5\Debug\cl.command.1.tlog
C:\Users\kuczmama\Desktop\3DBirds\kuczmamaLab5\Debug\CL.read.1.tlog
C:\Users\kuczmama\Desktop\3DBirds\kuczmamaLab5\Debug\CL.write.1.tlog
C:\Users\kuczmama\Desktop\3DBirds\kuczmamaLab5\Debug\link-cvtres.read.1.tlog
C:\Users\kuczmama\Desktop\3DBirds\kuczmamaLab5\Debug\link-cvtres.write.1.tlog
C:\Users\kuczmama\Desktop\3DBirds\kuczmamaLab5\Debug\link-rc.read.1.tlog
C:\Users\kuczmama\Desktop\3DBirds\kuczmamaLab5\Debug\link-rc.write.1.tlog
C:\Users\kuczmama\Desktop\3DBirds\kuczmamaLab5\Debug\link.command.1.tlog
C:\Users\kuczmama\Desktop\3DBirds\kuczmamaLab5\Debug\link.read.1.tlog
C:\Users\kuczmama\Desktop\3DBirds\kuczmamaLab5\Debug\link.read.2.tlog
C:\Users\kuczmama\Desktop\3DBirds\kuczmamaLab5\Debug\link.write.1.tlog
C:\Users\kuczmama\Desktop\3DBirds\kuczmamaLab5\Debug\vc110.idb
C:\Users\kuczmama\Desktop\3DBirds\kuczmamaLab5\Debug\vc110.pdb
C:\Users\kuczmama\Desktop\3DBirds\Debug\kuczmamaLab5.pdb
C:\Users\kuczmama\Desktop\3DBirds\Debug\kuczmamaLab5.exe
C:\Users\kuczmama\Desktop\3DBirds\Debug\kuczmamaLab5.ilk
