C:\USERS\KUCZMAMA\DOWNLOADS\KUCZMAMALAB09\OPENGLCSE386\KUCZMAMALAB8\DEBUG\KUCZMAMALAB8.OBJ
C:\USERS\KUCZMAMA\DOWNLOADS\KUCZMAMALAB09\OPENGLCSE386\KUCZMAMALAB8\DEBUG\PYRAMID.OBJ
C:\USERS\KUCZMAMA\DOWNLOADS\KUCZMAMALAB09\OPENGLCSE386\KUCZMAMALAB8\DEBUG\VC110.PDB
C:\USERS\JAKE MCCANTY\DOCUMENTS\CLASSES\CSE 386\3DBIRDS\KUCZMAMALAB8\DEBUG\KUCZMAMALAB8.OBJ
C:\USERS\JAKE MCCANTY\DOCUMENTS\CLASSES\CSE 386\3DBIRDS\KUCZMAMALAB8\DEBUG\PYRAMID.OBJ
C:\USERS\JAKE MCCANTY\DOCUMENTS\CLASSES\CSE 386\3DBIRDS\KUCZMAMALAB8\DEBUG\VC110.PDB
C:\USERS\KUCZMAMA\DOWNLOADS\KUCZMAMALAB09\OPENGLCSE386\DEBUG\KUCZMAMALAB8.ILK
C:\USERS\KUCZMAMA\DOWNLOADS\KUCZMAMALAB09\OPENGLCSE386\DEBUG\KUCZMAMALAB8.EXE
C:\USERS\KUCZMAMA\DOWNLOADS\KUCZMAMALAB09\OPENGLCSE386\DEBUG\KUCZMAMALAB8.PDB
C:\USERS\JAKE MCCANTY\DOCUMENTS\CLASSES\CSE 386\3DBIRDS\DEBUG\KUCZMAMALAB8.ILK
C:\USERS\JAKE MCCANTY\DOCUMENTS\CLASSES\CSE 386\3DBIRDS\DEBUG\KUCZMAMALAB8.EXE
C:\USERS\JAKE MCCANTY\DOCUMENTS\CLASSES\CSE 386\3DBIRDS\DEBUG\KUCZMAMALAB8.PDB
C:\Users\kuczmama\Desktop\3DBirds\kuczmamaLab8\Debug\kuczmamaLab8.obj
C:\Users\kuczmama\Desktop\3DBirds\kuczmamaLab8\Debug\Pyramid.obj
C:\Users\kuczmama\Desktop\3DBirds\kuczmamaLab8\Debug\cl.command.1.tlog
C:\Users\kuczmama\Desktop\3DBirds\kuczmamaLab8\Debug\CL.read.1.tlog
C:\Users\kuczmama\Desktop\3DBirds\kuczmamaLab8\Debug\CL.write.1.tlog
C:\Users\kuczmama\Desktop\3DBirds\kuczmamaLab8\Debug\link-cvtres.read.1.tlog
C:\Users\kuczmama\Desktop\3DBirds\kuczmamaLab8\Debug\link-cvtres.write.1.tlog
C:\Users\kuczmama\Desktop\3DBirds\kuczmamaLab8\Debug\link-rc.read.1.tlog
C:\Users\kuczmama\Desktop\3DBirds\kuczmamaLab8\Debug\link-rc.write.1.tlog
C:\Users\kuczmama\Desktop\3DBirds\kuczmamaLab8\Debug\link.command.1.tlog
C:\Users\kuczmama\Desktop\3DBirds\kuczmamaLab8\Debug\link.read.1.tlog
C:\Users\kuczmama\Desktop\3DBirds\kuczmamaLab8\Debug\link.read.2.tlog
C:\Users\kuczmama\Desktop\3DBirds\kuczmamaLab8\Debug\link.write.1.tlog
C:\Users\kuczmama\Desktop\3DBirds\kuczmamaLab8\Debug\vc110.idb
C:\Users\kuczmama\Desktop\3DBirds\kuczmamaLab8\Debug\vc110.pdb
C:\Users\kuczmama\Desktop\3DBirds\Debug\kuczmamaLab8.pdb
C:\Users\kuczmama\Desktop\3DBirds\Debug\kuczmamaLab8.exe
C:\Users\kuczmama\Desktop\3DBirds\Debug\kuczmamaLab8.ilk
