C:\USERS\KUCZMAMA\DOWNLOADS\OPENGLCSE386 (1)\OPENGLCSE386\KUCZMAMALAB5\DEBUG\KUCZMAMALAB5.OBJ
C:\USERS\KUCZMAMA\DOWNLOADS\OPENGLCSE386 (1)\OPENGLCSE386\KUCZMAMALAB5\DEBUG\PYRAMID.OBJ
C:\USERS\KUCZMAMA\DOWNLOADS\OPENGLCSE386 (1)\OPENGLCSE386\KUCZMAMALAB5\DEBUG\VC110.PDB
C:\USERS\KUCZMAMA\DOWNLOADS\OPENGLCSE386 (1)\OPENGLCSE386\DEBUG\KUCZMAMALAB5.ILK
C:\USERS\KUCZMAMA\DOWNLOADS\OPENGLCSE386 (1)\OPENGLCSE386\DEBUG\KUCZMAMALAB5.EXE
C:\USERS\KUCZMAMA\DOWNLOADS\OPENGLCSE386 (1)\OPENGLCSE386\DEBUG\KUCZMAMALAB5.PDB
C:\Users\kuczmama\Downloads\OpenGlCse386 (1)\OpenGlCse386\kuczmamaLab5\Debug\kuczmamaLab5.obj
C:\Users\kuczmama\Downloads\OpenGlCse386 (1)\OpenGlCse386\kuczmamaLab5\Debug\Pyramid.obj
C:\Users\kuczmama\Downloads\OpenGlCse386 (1)\OpenGlCse386\kuczmamaLab5\Debug\cl.command.1.tlog
C:\Users\kuczmama\Downloads\OpenGlCse386 (1)\OpenGlCse386\kuczmamaLab5\Debug\CL.read.1.tlog
C:\Users\kuczmama\Downloads\OpenGlCse386 (1)\OpenGlCse386\kuczmamaLab5\Debug\CL.write.1.tlog
C:\Users\kuczmama\Downloads\OpenGlCse386 (1)\OpenGlCse386\kuczmamaLab5\Debug\link-cvtres.read.1.tlog
C:\Users\kuczmama\Downloads\OpenGlCse386 (1)\OpenGlCse386\kuczmamaLab5\Debug\link-cvtres.write.1.tlog
C:\Users\kuczmama\Downloads\OpenGlCse386 (1)\OpenGlCse386\kuczmamaLab5\Debug\link-rc.read.1.tlog
C:\Users\kuczmama\Downloads\OpenGlCse386 (1)\OpenGlCse386\kuczmamaLab5\Debug\link-rc.write.1.tlog
C:\Users\kuczmama\Downloads\OpenGlCse386 (1)\OpenGlCse386\kuczmamaLab5\Debug\link.command.1.tlog
C:\Users\kuczmama\Downloads\OpenGlCse386 (1)\OpenGlCse386\kuczmamaLab5\Debug\link.read.1.tlog
C:\Users\kuczmama\Downloads\OpenGlCse386 (1)\OpenGlCse386\kuczmamaLab5\Debug\link.write.1.tlog
C:\Users\kuczmama\Downloads\OpenGlCse386 (1)\OpenGlCse386\kuczmamaLab5\Debug\vc110.idb
C:\Users\kuczmama\Downloads\OpenGlCse386 (1)\OpenGlCse386\kuczmamaLab5\Debug\vc110.pdb
C:\Users\kuczmama\Downloads\OpenGlCse386 (1)\OpenGlCse386\Debug\kuczmamaLab5.pdb
C:\Users\kuczmama\Downloads\OpenGlCse386 (1)\OpenGlCse386\Debug\kuczmamaLab5.exe
C:\Users\kuczmama\Downloads\OpenGlCse386 (1)\OpenGlCse386\Debug\kuczmamaLab5.ilk
