C:\USERS\KUCZMAMA\DOWNLOADS\OPENGLCSE386 (1)\OPENGLCSE386\OPENGLCSE386\DEBUG\BUILDSHADERPROGRAM.OBJ
C:\USERS\KUCZMAMA\DOWNLOADS\OPENGLCSE386 (1)\OPENGLCSE386\OPENGLCSE386\DEBUG\BULLETCONTROLLER.OBJ
C:\USERS\KUCZMAMA\DOWNLOADS\OPENGLCSE386 (1)\OPENGLCSE386\OPENGLCSE386\DEBUG\CONE.OBJ
C:\USERS\KUCZMAMA\DOWNLOADS\OPENGLCSE386 (1)\OPENGLCSE386\OPENGLCSE386\DEBUG\CONTROLLER.OBJ
C:\USERS\KUCZMAMA\DOWNLOADS\OPENGLCSE386 (1)\OPENGLCSE386\OPENGLCSE386\DEBUG\CUBE.OBJ
C:\USERS\KUCZMAMA\DOWNLOADS\OPENGLCSE386 (1)\OPENGLCSE386\OPENGLCSE386\DEBUG\CYLINDER.OBJ
C:\USERS\KUCZMAMA\DOWNLOADS\OPENGLCSE386 (1)\OPENGLCSE386\OPENGLCSE386\DEBUG\FLOOR.OBJ
C:\USERS\KUCZMAMA\DOWNLOADS\OPENGLCSE386 (1)\OPENGLCSE386\OPENGLCSE386\DEBUG\FLOOR2.OBJ
C:\USERS\KUCZMAMA\DOWNLOADS\OPENGLCSE386 (1)\OPENGLCSE386\OPENGLCSE386\DEBUG\GLUTBASE.OBJ
C:\USERS\KUCZMAMA\DOWNLOADS\OPENGLCSE386 (1)\OPENGLCSE386\OPENGLCSE386\DEBUG\GLUTOBJECT.OBJ
C:\USERS\KUCZMAMA\DOWNLOADS\OPENGLCSE386 (1)\OPENGLCSE386\OPENGLCSE386\DEBUG\MATERIAL.OBJ
C:\USERS\KUCZMAMA\DOWNLOADS\OPENGLCSE386 (1)\OPENGLCSE386\OPENGLCSE386\DEBUG\OPENGLAPPLICATIONBASE.OBJ
C:\USERS\KUCZMAMA\DOWNLOADS\OPENGLCSE386 (1)\OPENGLCSE386\OPENGLCSE386\DEBUG\ORBITCONTROLLER.OBJ
C:\USERS\KUCZMAMA\DOWNLOADS\OPENGLCSE386 (1)\OPENGLCSE386\OPENGLCSE386\DEBUG\SHAREDPROJECTIONANDVIEWING.OBJ
C:\USERS\KUCZMAMA\DOWNLOADS\OPENGLCSE386 (1)\OPENGLCSE386\OPENGLCSE386\DEBUG\SPHERE.OBJ
C:\USERS\KUCZMAMA\DOWNLOADS\OPENGLCSE386 (1)\OPENGLCSE386\OPENGLCSE386\DEBUG\SPINNERCONTROLLER.OBJ
C:\USERS\KUCZMAMA\DOWNLOADS\OPENGLCSE386 (1)\OPENGLCSE386\OPENGLCSE386\DEBUG\TEXTURECOORDINATES.OBJ
C:\USERS\KUCZMAMA\DOWNLOADS\OPENGLCSE386 (1)\OPENGLCSE386\OPENGLCSE386\DEBUG\VISUALOBJECT.OBJ
C:\USERS\KUCZMAMA\DOWNLOADS\OPENGLCSE386 (1)\OPENGLCSE386\OPENGLCSE386\DEBUG\WAYPOINTCONTROLLER.OBJ
C:\USERS\KUCZMAMA\DOWNLOADS\OPENGLCSE386 (1)\OPENGLCSE386\OPENGLCSE386\DEBUG\VC110.PDB
C:\USERS\KUCZMAMA\DOWNLOADS\OPENGLCSE386 (1)\OPENGLCSE386\DEBUG\OPENGLCSE386.LIB
C:\Users\kuczmama\Downloads\OpenGlCse386 (1)\OpenGlCse386\OpenGlCse386\Debug\BuildShaderProgram.obj
C:\Users\kuczmama\Downloads\OpenGlCse386 (1)\OpenGlCse386\OpenGlCse386\Debug\BulletController.obj
C:\Users\kuczmama\Downloads\OpenGlCse386 (1)\OpenGlCse386\OpenGlCse386\Debug\Cone.obj
C:\Users\kuczmama\Downloads\OpenGlCse386 (1)\OpenGlCse386\OpenGlCse386\Debug\Controller.obj
C:\Users\kuczmama\Downloads\OpenGlCse386 (1)\OpenGlCse386\OpenGlCse386\Debug\Cube.obj
C:\Users\kuczmama\Downloads\OpenGlCse386 (1)\OpenGlCse386\OpenGlCse386\Debug\Cylinder.obj
C:\Users\kuczmama\Downloads\OpenGlCse386 (1)\OpenGlCse386\OpenGlCse386\Debug\Floor.obj
C:\Users\kuczmama\Downloads\OpenGlCse386 (1)\OpenGlCse386\OpenGlCse386\Debug\Floor2.obj
C:\Users\kuczmama\Downloads\OpenGlCse386 (1)\OpenGlCse386\OpenGlCse386\Debug\glutBase.obj
C:\Users\kuczmama\Downloads\OpenGlCse386 (1)\OpenGlCse386\OpenGlCse386\Debug\GlutObject.obj
C:\Users\kuczmama\Downloads\OpenGlCse386 (1)\OpenGlCse386\OpenGlCse386\Debug\Material.obj
C:\Users\kuczmama\Downloads\OpenGlCse386 (1)\OpenGlCse386\OpenGlCse386\Debug\OpenGLApplicationBase.obj
C:\Users\kuczmama\Downloads\OpenGlCse386 (1)\OpenGlCse386\OpenGlCse386\Debug\OrbitController.obj
C:\Users\kuczmama\Downloads\OpenGlCse386 (1)\OpenGlCse386\OpenGlCse386\Debug\SharedProjectionAndViewing.obj
C:\Users\kuczmama\Downloads\OpenGlCse386 (1)\OpenGlCse386\OpenGlCse386\Debug\Sphere.obj
C:\Users\kuczmama\Downloads\OpenGlCse386 (1)\OpenGlCse386\OpenGlCse386\Debug\SpinnerController.obj
C:\Users\kuczmama\Downloads\OpenGlCse386 (1)\OpenGlCse386\OpenGlCse386\Debug\textureCoordinates.obj
C:\Users\kuczmama\Downloads\OpenGlCse386 (1)\OpenGlCse386\OpenGlCse386\Debug\VisualObject.obj
C:\Users\kuczmama\Downloads\OpenGlCse386 (1)\OpenGlCse386\OpenGlCse386\Debug\WayPointController.obj
C:\Users\kuczmama\Downloads\OpenGlCse386 (1)\OpenGlCse386\OpenGlCse386\Debug\cl.command.1.tlog
C:\Users\kuczmama\Downloads\OpenGlCse386 (1)\OpenGlCse386\OpenGlCse386\Debug\CL.read.1.tlog
C:\Users\kuczmama\Downloads\OpenGlCse386 (1)\OpenGlCse386\OpenGlCse386\Debug\CL.write.1.tlog
C:\Users\kuczmama\Downloads\OpenGlCse386 (1)\OpenGlCse386\OpenGlCse386\Debug\Lib-link.read.1.tlog
C:\Users\kuczmama\Downloads\OpenGlCse386 (1)\OpenGlCse386\OpenGlCse386\Debug\Lib-link.write.1.tlog
C:\Users\kuczmama\Downloads\OpenGlCse386 (1)\OpenGlCse386\OpenGlCse386\Debug\lib.command.1.tlog
C:\Users\kuczmama\Downloads\OpenGlCse386 (1)\OpenGlCse386\OpenGlCse386\Debug\vc110.idb
C:\Users\kuczmama\Downloads\OpenGlCse386 (1)\OpenGlCse386\OpenGlCse386\Debug\vc110.pdb
C:\Users\kuczmama\Downloads\OpenGlCse386 (1)\OpenGlCse386\Debug\OpenGlCse386.lib
