Build started 11/10/2014 5:09:55 PM.
     1>Project "C:\Users\kuczmama\Downloads\OpenGlCse386 (1)\OpenGlCse386\kuczmamaProj1\kuczmamaProj1.vcxproj" on node 9 (Rebuild target(s)).
     1>ClCompile:
         C:\Program Files (x86)\Microsoft Visual Studio 11.0\VC\bin\CL.exe /c /I..\Include /ZI /nologo /W3 /WX- /Od /Oy- /D WIN32 /D _DEBUG /D _CONSOLE /D _UNICODE /D UNICODE /Gm /EHsc /RTC1 /MDd /GS /fp:precise /Zc:wchar_t /Zc:forScope /Fo"Debug\\" /Fd"Debug\vc110.pdb" /Gd /TP /analyze- /errorReport:prompt ..\OpenGlCse386\Bullet.cpp Barrel.cpp kuczmamaProj1.cpp Pyramid.cpp Torus.cpp
         Torus.cpp
         Pyramid.cpp
         kuczmamaProj1.cpp
         Barrel.cpp
         Bullet.cpp
         Generating Code...
       Link:
         C:\Program Files (x86)\Microsoft Visual Studio 11.0\VC\bin\link.exe /ERRORREPORT:PROMPT /OUT:"C:\Users\kuczmama\Downloads\OpenGlCse386 (1)\OpenGlCse386\Debug\kuczmamaProj1.exe" /INCREMENTAL /NOLOGO /LIBPATH:..\Lib glew32.lib freeglut.lib OpenGlCse386.lib kernel32.lib user32.lib gdi32.lib winspool.lib comdlg32.lib advapi32.lib shell32.lib ole32.lib oleaut32.lib uuid.lib odbc32.lib odbccp32.lib /MANIFEST /MANIFESTUAC:"level='asInvoker' uiAccess='false'" /manifest:embed /DEBUG /PDB:"C:\Users\kuczmama\Downloads\OpenGlCse386 (1)\OpenGlCse386\Debug\kuczmamaProj1.pdb" /SUBSYSTEM:CONSOLE /TLBID:1 /DYNAMICBASE /NXCOMPAT /IMPLIB:"C:\Users\kuczmama\Downloads\OpenGlCse386 (1)\OpenGlCse386\Debug\kuczmamaProj1.lib" /MACHINE:X86 Debug\Bullet.obj
         Debug\Barrel.obj
         Debug\kuczmamaProj1.obj
         Debug\Pyramid.obj
         Debug\Torus.obj
         kuczmamaProj1.vcxproj -> C:\Users\kuczmama\Downloads\OpenGlCse386 (1)\OpenGlCse386\Debug\kuczmamaProj1.exe
     1>Done Building Project "C:\Users\kuczmama\Downloads\OpenGlCse386 (1)\OpenGlCse386\kuczmamaProj1\kuczmamaProj1.vcxproj" (Rebuild target(s)).

Build succeeded.

Time Elapsed 00:00:21.82
