C:\USERS\KUCZMAMA\DOWNLOADS\OPENGLCSE386 (1)\OPENGLCSE386\KUCZMAMAPROJ1\DEBUG\BULLET.OBJ
C:\USERS\KUCZMAMA\DOWNLOADS\OPENGLCSE386 (1)\OPENGLCSE386\KUCZMAMAPROJ1\DEBUG\PYRAMID.OBJ
C:\USERS\KUCZMAMA\DOWNLOADS\OPENGLCSE386 (1)\OPENGLCSE386\KUCZMAMAPROJ1\DEBUG\TORUS.OBJ
C:\USERS\KUCZMAMA\DOWNLOADS\OPENGLCSE386 (1)\OPENGLCSE386\KUCZMAMAPROJ1\DEBUG\VC110.PDB
C:\USERS\KUCZMAMA\DOWNLOADS\OPENGLCSE386 (1)\OPENGLCSE386\KUCZMAMAPROJ1\DEBUG\KUCZMAMAPROJ1.OBJ
C:\USERS\KUCZMAMA\DOWNLOADS\OPENGLCSE386 (1)\OPENGLCSE386\KUCZMAMAPROJ1\DEBUG\BARREL.OBJ
C:\USERS\KUCZMAMA\DOWNLOADS\OPENGLCSE386 (1)\OPENGLCSE386\DEBUG\KUCZMAMAPROJ1.ILK
C:\USERS\KUCZMAMA\DOWNLOADS\OPENGLCSE386 (1)\OPENGLCSE386\DEBUG\KUCZMAMAPROJ1.EXE
C:\USERS\KUCZMAMA\DOWNLOADS\OPENGLCSE386 (1)\OPENGLCSE386\DEBUG\KUCZMAMAPROJ1.PDB
C:\Users\kuczmama\Downloads\OpenGlCse386 (1)\OpenGlCse386\kuczmamaProj1\Debug\Barrel.obj
C:\Users\kuczmama\Downloads\OpenGlCse386 (1)\OpenGlCse386\kuczmamaProj1\Debug\Bullet.obj
C:\Users\kuczmama\Downloads\OpenGlCse386 (1)\OpenGlCse386\kuczmamaProj1\Debug\kuczmamaProj1.obj
C:\Users\kuczmama\Downloads\OpenGlCse386 (1)\OpenGlCse386\kuczmamaProj1\Debug\Pyramid.obj
C:\Users\kuczmama\Downloads\OpenGlCse386 (1)\OpenGlCse386\kuczmamaProj1\Debug\Torus.obj
C:\Users\kuczmama\Downloads\OpenGlCse386 (1)\OpenGlCse386\kuczmamaProj1\Debug\cl.command.1.tlog
C:\Users\kuczmama\Downloads\OpenGlCse386 (1)\OpenGlCse386\kuczmamaProj1\Debug\CL.read.1.tlog
C:\Users\kuczmama\Downloads\OpenGlCse386 (1)\OpenGlCse386\kuczmamaProj1\Debug\CL.write.1.tlog
C:\Users\kuczmama\Downloads\OpenGlCse386 (1)\OpenGlCse386\kuczmamaProj1\Debug\link-cvtres.read.1.tlog
C:\Users\kuczmama\Downloads\OpenGlCse386 (1)\OpenGlCse386\kuczmamaProj1\Debug\link-cvtres.write.1.tlog
C:\Users\kuczmama\Downloads\OpenGlCse386 (1)\OpenGlCse386\kuczmamaProj1\Debug\link-rc.read.1.tlog
C:\Users\kuczmama\Downloads\OpenGlCse386 (1)\OpenGlCse386\kuczmamaProj1\Debug\link-rc.write.1.tlog
C:\Users\kuczmama\Downloads\OpenGlCse386 (1)\OpenGlCse386\kuczmamaProj1\Debug\link.7248-cvtres.read.1.tlog
C:\Users\kuczmama\Downloads\OpenGlCse386 (1)\OpenGlCse386\kuczmamaProj1\Debug\link.7248-cvtres.write.1.tlog
C:\Users\kuczmama\Downloads\OpenGlCse386 (1)\OpenGlCse386\kuczmamaProj1\Debug\link.7248-rc.read.1.tlog
C:\Users\kuczmama\Downloads\OpenGlCse386 (1)\OpenGlCse386\kuczmamaProj1\Debug\link.7248-rc.write.1.tlog
C:\Users\kuczmama\Downloads\OpenGlCse386 (1)\OpenGlCse386\kuczmamaProj1\Debug\link.7248.read.1.tlog
C:\Users\kuczmama\Downloads\OpenGlCse386 (1)\OpenGlCse386\kuczmamaProj1\Debug\link.7248.write.1.tlog
C:\Users\kuczmama\Downloads\OpenGlCse386 (1)\OpenGlCse386\kuczmamaProj1\Debug\link.command.1.tlog
C:\Users\kuczmama\Downloads\OpenGlCse386 (1)\OpenGlCse386\kuczmamaProj1\Debug\link.read.1.tlog
C:\Users\kuczmama\Downloads\OpenGlCse386 (1)\OpenGlCse386\kuczmamaProj1\Debug\link.write.1.tlog
C:\Users\kuczmama\Downloads\OpenGlCse386 (1)\OpenGlCse386\kuczmamaProj1\Debug\vc110.idb
C:\Users\kuczmama\Downloads\OpenGlCse386 (1)\OpenGlCse386\kuczmamaProj1\Debug\vc110.pdb
C:\Users\kuczmama\Downloads\OpenGlCse386 (1)\OpenGlCse386\Debug\kuczmamaProj1.pdb
C:\Users\kuczmama\Downloads\OpenGlCse386 (1)\OpenGlCse386\Debug\kuczmamaProj1.exe
C:\Users\kuczmama\Downloads\OpenGlCse386 (1)\OpenGlCse386\Debug\kuczmamaProj1.ilk
