C:\USERS\KUCZMAMA\DOWNLOADS\KUCZMAMALAB09\OPENGLCSE386\KUCZMAMAPROJ1\DEBUG\BULLET.OBJ
C:\USERS\KUCZMAMA\DOWNLOADS\KUCZMAMALAB09\OPENGLCSE386\KUCZMAMAPROJ1\DEBUG\BARREL.OBJ
C:\USERS\KUCZMAMA\DOWNLOADS\KUCZMAMALAB09\OPENGLCSE386\KUCZMAMAPROJ1\DEBUG\KUCZMAMAPROJ1.OBJ
C:\USERS\KUCZMAMA\DOWNLOADS\KUCZMAMALAB09\OPENGLCSE386\KUCZMAMAPROJ1\DEBUG\PYRAMID.OBJ
C:\USERS\KUCZMAMA\DOWNLOADS\KUCZMAMALAB09\OPENGLCSE386\KUCZMAMAPROJ1\DEBUG\TORUS.OBJ
C:\USERS\KUCZMAMA\DOWNLOADS\KUCZMAMALAB09\OPENGLCSE386\KUCZMAMAPROJ1\DEBUG\VC110.PDB
C:\USERS\JAKE MCCANTY\DOCUMENTS\CLASSES\CSE 386\3DBIRDS\KUCZMAMAPROJ1\DEBUG\BULLET.OBJ
C:\USERS\JAKE MCCANTY\DOCUMENTS\CLASSES\CSE 386\3DBIRDS\KUCZMAMAPROJ1\DEBUG\BARREL.OBJ
C:\USERS\JAKE MCCANTY\DOCUMENTS\CLASSES\CSE 386\3DBIRDS\KUCZMAMAPROJ1\DEBUG\KUCZMAMAPROJ1.OBJ
C:\USERS\JAKE MCCANTY\DOCUMENTS\CLASSES\CSE 386\3DBIRDS\KUCZMAMAPROJ1\DEBUG\PYRAMID.OBJ
C:\USERS\JAKE MCCANTY\DOCUMENTS\CLASSES\CSE 386\3DBIRDS\KUCZMAMAPROJ1\DEBUG\TORUS.OBJ
C:\USERS\JAKE MCCANTY\DOCUMENTS\CLASSES\CSE 386\3DBIRDS\KUCZMAMAPROJ1\DEBUG\VC110.PDB
C:\USERS\KUCZMAMA\DOWNLOADS\KUCZMAMALAB09\OPENGLCSE386\DEBUG\KUCZMAMAPROJ1.ILK
C:\USERS\KUCZMAMA\DOWNLOADS\KUCZMAMALAB09\OPENGLCSE386\DEBUG\KUCZMAMAPROJ1.EXE
C:\USERS\KUCZMAMA\DOWNLOADS\KUCZMAMALAB09\OPENGLCSE386\DEBUG\KUCZMAMAPROJ1.PDB
C:\USERS\JAKE MCCANTY\DOCUMENTS\CLASSES\CSE 386\3DBIRDS\DEBUG\KUCZMAMAPROJ1.ILK
C:\USERS\JAKE MCCANTY\DOCUMENTS\CLASSES\CSE 386\3DBIRDS\DEBUG\KUCZMAMAPROJ1.EXE
C:\USERS\JAKE MCCANTY\DOCUMENTS\CLASSES\CSE 386\3DBIRDS\DEBUG\KUCZMAMAPROJ1.PDB
C:\Users\kuczmama\Desktop\3DBirds\kuczmamaProj1\Debug\Barrel.obj
C:\Users\kuczmama\Desktop\3DBirds\kuczmamaProj1\Debug\Bullet.obj
C:\Users\kuczmama\Desktop\3DBirds\kuczmamaProj1\Debug\kuczmamaProj1.obj
C:\Users\kuczmama\Desktop\3DBirds\kuczmamaProj1\Debug\Pyramid.obj
C:\Users\kuczmama\Desktop\3DBirds\kuczmamaProj1\Debug\Torus.obj
C:\Users\kuczmama\Desktop\3DBirds\kuczmamaProj1\Debug\cl.command.1.tlog
C:\Users\kuczmama\Desktop\3DBirds\kuczmamaProj1\Debug\CL.read.1.tlog
C:\Users\kuczmama\Desktop\3DBirds\kuczmamaProj1\Debug\CL.write.1.tlog
C:\Users\kuczmama\Desktop\3DBirds\kuczmamaProj1\Debug\link-cvtres.read.1.tlog
C:\Users\kuczmama\Desktop\3DBirds\kuczmamaProj1\Debug\link-cvtres.write.1.tlog
C:\Users\kuczmama\Desktop\3DBirds\kuczmamaProj1\Debug\link-rc.read.1.tlog
C:\Users\kuczmama\Desktop\3DBirds\kuczmamaProj1\Debug\link-rc.write.1.tlog
C:\Users\kuczmama\Desktop\3DBirds\kuczmamaProj1\Debug\link.command.1.tlog
C:\Users\kuczmama\Desktop\3DBirds\kuczmamaProj1\Debug\link.read.1.tlog
C:\Users\kuczmama\Desktop\3DBirds\kuczmamaProj1\Debug\link.read.2.tlog
C:\Users\kuczmama\Desktop\3DBirds\kuczmamaProj1\Debug\link.write.1.tlog
C:\Users\kuczmama\Desktop\3DBirds\kuczmamaProj1\Debug\vc110.idb
C:\Users\kuczmama\Desktop\3DBirds\kuczmamaProj1\Debug\vc110.pdb
C:\Users\kuczmama\Desktop\3DBirds\Debug\kuczmamaProj1.pdb
C:\Users\kuczmama\Desktop\3DBirds\Debug\kuczmamaProj1.exe
C:\Users\kuczmama\Desktop\3DBirds\Debug\kuczmamaProj1.ilk
