C:\USERS\KUCZMAMA\DESKTOP\3DBIRDS\KUCZMAMALAB10\DEBUG\KUCZMAMALAB10.OBJ
C:\USERS\KUCZMAMA\DESKTOP\3DBIRDS\KUCZMAMALAB10\DEBUG\PYRAMID.OBJ
C:\USERS\KUCZMAMA\DESKTOP\3DBIRDS\KUCZMAMALAB10\DEBUG\VC110.PDB
C:\USERS\KUCZMAMA\DESKTOP\3DBIRDS\DEBUG\KUCZMAMALAB10.ILK
C:\USERS\KUCZMAMA\DESKTOP\3DBIRDS\DEBUG\KUCZMAMALAB10.EXE
C:\USERS\KUCZMAMA\DESKTOP\3DBIRDS\DEBUG\KUCZMAMALAB10.PDB
C:\Users\kuczmama\Desktop\3DBirds\kuczmamaLab10\Debug\kuczmamaLab10.obj
C:\Users\kuczmama\Desktop\3DBirds\kuczmamaLab10\Debug\Pyramid.obj
C:\Users\kuczmama\Desktop\3DBirds\kuczmamaLab10\Debug\cl.command.1.tlog
C:\Users\kuczmama\Desktop\3DBirds\kuczmamaLab10\Debug\CL.read.1.tlog
C:\Users\kuczmama\Desktop\3DBirds\kuczmamaLab10\Debug\CL.write.1.tlog
C:\Users\kuczmama\Desktop\3DBirds\kuczmamaLab10\Debug\link-cvtres.read.1.tlog
C:\Users\kuczmama\Desktop\3DBirds\kuczmamaLab10\Debug\link-cvtres.write.1.tlog
C:\Users\kuczmama\Desktop\3DBirds\kuczmamaLab10\Debug\link-rc.read.1.tlog
C:\Users\kuczmama\Desktop\3DBirds\kuczmamaLab10\Debug\link-rc.write.1.tlog
C:\Users\kuczmama\Desktop\3DBirds\kuczmamaLab10\Debug\link.1112-cvtres.read.1.tlog
C:\Users\kuczmama\Desktop\3DBirds\kuczmamaLab10\Debug\link.1112-cvtres.write.1.tlog
C:\Users\kuczmama\Desktop\3DBirds\kuczmamaLab10\Debug\link.1112-rc.read.1.tlog
C:\Users\kuczmama\Desktop\3DBirds\kuczmamaLab10\Debug\link.1112-rc.write.1.tlog
C:\Users\kuczmama\Desktop\3DBirds\kuczmamaLab10\Debug\link.1112.read.1.tlog
C:\Users\kuczmama\Desktop\3DBirds\kuczmamaLab10\Debug\link.1112.write.1.tlog
C:\Users\kuczmama\Desktop\3DBirds\kuczmamaLab10\Debug\link.1740-cvtres.read.1.tlog
C:\Users\kuczmama\Desktop\3DBirds\kuczmamaLab10\Debug\link.1740-cvtres.write.1.tlog
C:\Users\kuczmama\Desktop\3DBirds\kuczmamaLab10\Debug\link.1740-rc.read.1.tlog
C:\Users\kuczmama\Desktop\3DBirds\kuczmamaLab10\Debug\link.1740-rc.write.1.tlog
C:\Users\kuczmama\Desktop\3DBirds\kuczmamaLab10\Debug\link.1740.read.1.tlog
C:\Users\kuczmama\Desktop\3DBirds\kuczmamaLab10\Debug\link.1740.write.1.tlog
C:\Users\kuczmama\Desktop\3DBirds\kuczmamaLab10\Debug\link.2788-cvtres.read.1.tlog
C:\Users\kuczmama\Desktop\3DBirds\kuczmamaLab10\Debug\link.2788-cvtres.write.1.tlog
C:\Users\kuczmama\Desktop\3DBirds\kuczmamaLab10\Debug\link.2788-rc.read.1.tlog
C:\Users\kuczmama\Desktop\3DBirds\kuczmamaLab10\Debug\link.2788-rc.write.1.tlog
C:\Users\kuczmama\Desktop\3DBirds\kuczmamaLab10\Debug\link.2788.read.1.tlog
C:\Users\kuczmama\Desktop\3DBirds\kuczmamaLab10\Debug\link.2788.write.1.tlog
C:\Users\kuczmama\Desktop\3DBirds\kuczmamaLab10\Debug\link.2816-cvtres.read.1.tlog
C:\Users\kuczmama\Desktop\3DBirds\kuczmamaLab10\Debug\link.2816-cvtres.write.1.tlog
C:\Users\kuczmama\Desktop\3DBirds\kuczmamaLab10\Debug\link.2816-rc.read.1.tlog
C:\Users\kuczmama\Desktop\3DBirds\kuczmamaLab10\Debug\link.2816-rc.write.1.tlog
C:\Users\kuczmama\Desktop\3DBirds\kuczmamaLab10\Debug\link.2816.read.1.tlog
C:\Users\kuczmama\Desktop\3DBirds\kuczmamaLab10\Debug\link.2816.write.1.tlog
C:\Users\kuczmama\Desktop\3DBirds\kuczmamaLab10\Debug\link.2988-cvtres.read.1.tlog
C:\Users\kuczmama\Desktop\3DBirds\kuczmamaLab10\Debug\link.2988-cvtres.write.1.tlog
C:\Users\kuczmama\Desktop\3DBirds\kuczmamaLab10\Debug\link.2988-rc.read.1.tlog
C:\Users\kuczmama\Desktop\3DBirds\kuczmamaLab10\Debug\link.2988-rc.write.1.tlog
C:\Users\kuczmama\Desktop\3DBirds\kuczmamaLab10\Debug\link.2988.read.1.tlog
C:\Users\kuczmama\Desktop\3DBirds\kuczmamaLab10\Debug\link.2988.write.1.tlog
C:\Users\kuczmama\Desktop\3DBirds\kuczmamaLab10\Debug\link.3060-cvtres.read.1.tlog
C:\Users\kuczmama\Desktop\3DBirds\kuczmamaLab10\Debug\link.3060-cvtres.write.1.tlog
C:\Users\kuczmama\Desktop\3DBirds\kuczmamaLab10\Debug\link.3060-rc.read.1.tlog
C:\Users\kuczmama\Desktop\3DBirds\kuczmamaLab10\Debug\link.3060-rc.write.1.tlog
C:\Users\kuczmama\Desktop\3DBirds\kuczmamaLab10\Debug\link.3060.read.1.tlog
C:\Users\kuczmama\Desktop\3DBirds\kuczmamaLab10\Debug\link.3060.write.1.tlog
C:\Users\kuczmama\Desktop\3DBirds\kuczmamaLab10\Debug\link.3504-cvtres.read.1.tlog
C:\Users\kuczmama\Desktop\3DBirds\kuczmamaLab10\Debug\link.3504-cvtres.write.1.tlog
C:\Users\kuczmama\Desktop\3DBirds\kuczmamaLab10\Debug\link.3504-rc.read.1.tlog
C:\Users\kuczmama\Desktop\3DBirds\kuczmamaLab10\Debug\link.3504-rc.write.1.tlog
C:\Users\kuczmama\Desktop\3DBirds\kuczmamaLab10\Debug\link.3504.read.1.tlog
C:\Users\kuczmama\Desktop\3DBirds\kuczmamaLab10\Debug\link.3504.write.1.tlog
C:\Users\kuczmama\Desktop\3DBirds\kuczmamaLab10\Debug\link.3636-cvtres.read.1.tlog
C:\Users\kuczmama\Desktop\3DBirds\kuczmamaLab10\Debug\link.3636-cvtres.write.1.tlog
C:\Users\kuczmama\Desktop\3DBirds\kuczmamaLab10\Debug\link.3636-rc.read.1.tlog
C:\Users\kuczmama\Desktop\3DBirds\kuczmamaLab10\Debug\link.3636-rc.write.1.tlog
C:\Users\kuczmama\Desktop\3DBirds\kuczmamaLab10\Debug\link.3636.read.1.tlog
C:\Users\kuczmama\Desktop\3DBirds\kuczmamaLab10\Debug\link.3636.write.1.tlog
C:\Users\kuczmama\Desktop\3DBirds\kuczmamaLab10\Debug\link.3976-cvtres.read.1.tlog
C:\Users\kuczmama\Desktop\3DBirds\kuczmamaLab10\Debug\link.3976-cvtres.write.1.tlog
C:\Users\kuczmama\Desktop\3DBirds\kuczmamaLab10\Debug\link.3976-rc.read.1.tlog
C:\Users\kuczmama\Desktop\3DBirds\kuczmamaLab10\Debug\link.3976-rc.write.1.tlog
C:\Users\kuczmama\Desktop\3DBirds\kuczmamaLab10\Debug\link.3976.read.1.tlog
C:\Users\kuczmama\Desktop\3DBirds\kuczmamaLab10\Debug\link.3976.write.1.tlog
C:\Users\kuczmama\Desktop\3DBirds\kuczmamaLab10\Debug\link.4004-cvtres.read.1.tlog
C:\Users\kuczmama\Desktop\3DBirds\kuczmamaLab10\Debug\link.4004-cvtres.write.1.tlog
C:\Users\kuczmama\Desktop\3DBirds\kuczmamaLab10\Debug\link.4004-rc.read.1.tlog
C:\Users\kuczmama\Desktop\3DBirds\kuczmamaLab10\Debug\link.4004-rc.write.1.tlog
C:\Users\kuczmama\Desktop\3DBirds\kuczmamaLab10\Debug\link.4004.read.1.tlog
C:\Users\kuczmama\Desktop\3DBirds\kuczmamaLab10\Debug\link.4004.write.1.tlog
C:\Users\kuczmama\Desktop\3DBirds\kuczmamaLab10\Debug\link.4200-cvtres.read.1.tlog
C:\Users\kuczmama\Desktop\3DBirds\kuczmamaLab10\Debug\link.4200-cvtres.write.1.tlog
C:\Users\kuczmama\Desktop\3DBirds\kuczmamaLab10\Debug\link.4200-rc.read.1.tlog
C:\Users\kuczmama\Desktop\3DBirds\kuczmamaLab10\Debug\link.4200-rc.write.1.tlog
C:\Users\kuczmama\Desktop\3DBirds\kuczmamaLab10\Debug\link.4200.read.1.tlog
C:\Users\kuczmama\Desktop\3DBirds\kuczmamaLab10\Debug\link.4200.write.1.tlog
C:\Users\kuczmama\Desktop\3DBirds\kuczmamaLab10\Debug\link.4400-cvtres.read.1.tlog
C:\Users\kuczmama\Desktop\3DBirds\kuczmamaLab10\Debug\link.4400-cvtres.write.1.tlog
C:\Users\kuczmama\Desktop\3DBirds\kuczmamaLab10\Debug\link.4400-rc.read.1.tlog
C:\Users\kuczmama\Desktop\3DBirds\kuczmamaLab10\Debug\link.4400-rc.write.1.tlog
C:\Users\kuczmama\Desktop\3DBirds\kuczmamaLab10\Debug\link.4400.read.1.tlog
C:\Users\kuczmama\Desktop\3DBirds\kuczmamaLab10\Debug\link.4400.write.1.tlog
C:\Users\kuczmama\Desktop\3DBirds\kuczmamaLab10\Debug\link.4456-cvtres.read.1.tlog
C:\Users\kuczmama\Desktop\3DBirds\kuczmamaLab10\Debug\link.4456-cvtres.write.1.tlog
C:\Users\kuczmama\Desktop\3DBirds\kuczmamaLab10\Debug\link.4456-rc.read.1.tlog
C:\Users\kuczmama\Desktop\3DBirds\kuczmamaLab10\Debug\link.4456-rc.write.1.tlog
C:\Users\kuczmama\Desktop\3DBirds\kuczmamaLab10\Debug\link.4456.read.1.tlog
C:\Users\kuczmama\Desktop\3DBirds\kuczmamaLab10\Debug\link.4456.write.1.tlog
C:\Users\kuczmama\Desktop\3DBirds\kuczmamaLab10\Debug\link.4748-cvtres.read.1.tlog
C:\Users\kuczmama\Desktop\3DBirds\kuczmamaLab10\Debug\link.4748-cvtres.write.1.tlog
C:\Users\kuczmama\Desktop\3DBirds\kuczmamaLab10\Debug\link.4748-rc.read.1.tlog
C:\Users\kuczmama\Desktop\3DBirds\kuczmamaLab10\Debug\link.4748-rc.write.1.tlog
C:\Users\kuczmama\Desktop\3DBirds\kuczmamaLab10\Debug\link.4748.read.1.tlog
C:\Users\kuczmama\Desktop\3DBirds\kuczmamaLab10\Debug\link.4748.write.1.tlog
C:\Users\kuczmama\Desktop\3DBirds\kuczmamaLab10\Debug\link.5432-cvtres.read.1.tlog
C:\Users\kuczmama\Desktop\3DBirds\kuczmamaLab10\Debug\link.5432-cvtres.write.1.tlog
C:\Users\kuczmama\Desktop\3DBirds\kuczmamaLab10\Debug\link.5432-rc.read.1.tlog
C:\Users\kuczmama\Desktop\3DBirds\kuczmamaLab10\Debug\link.5432-rc.write.1.tlog
C:\Users\kuczmama\Desktop\3DBirds\kuczmamaLab10\Debug\link.5432.read.1.tlog
C:\Users\kuczmama\Desktop\3DBirds\kuczmamaLab10\Debug\link.5432.write.1.tlog
C:\Users\kuczmama\Desktop\3DBirds\kuczmamaLab10\Debug\link.5696-cvtres.read.1.tlog
C:\Users\kuczmama\Desktop\3DBirds\kuczmamaLab10\Debug\link.5696-cvtres.write.1.tlog
C:\Users\kuczmama\Desktop\3DBirds\kuczmamaLab10\Debug\link.5696-rc.read.1.tlog
C:\Users\kuczmama\Desktop\3DBirds\kuczmamaLab10\Debug\link.5696-rc.write.1.tlog
C:\Users\kuczmama\Desktop\3DBirds\kuczmamaLab10\Debug\link.5696.read.1.tlog
C:\Users\kuczmama\Desktop\3DBirds\kuczmamaLab10\Debug\link.5696.write.1.tlog
C:\Users\kuczmama\Desktop\3DBirds\kuczmamaLab10\Debug\link.6012-cvtres.read.1.tlog
C:\Users\kuczmama\Desktop\3DBirds\kuczmamaLab10\Debug\link.6012-cvtres.write.1.tlog
C:\Users\kuczmama\Desktop\3DBirds\kuczmamaLab10\Debug\link.6012-rc.read.1.tlog
C:\Users\kuczmama\Desktop\3DBirds\kuczmamaLab10\Debug\link.6012-rc.write.1.tlog
C:\Users\kuczmama\Desktop\3DBirds\kuczmamaLab10\Debug\link.6012.read.1.tlog
C:\Users\kuczmama\Desktop\3DBirds\kuczmamaLab10\Debug\link.6012.write.1.tlog
C:\Users\kuczmama\Desktop\3DBirds\kuczmamaLab10\Debug\link.616-cvtres.read.1.tlog
C:\Users\kuczmama\Desktop\3DBirds\kuczmamaLab10\Debug\link.616-cvtres.write.1.tlog
C:\Users\kuczmama\Desktop\3DBirds\kuczmamaLab10\Debug\link.616-rc.read.1.tlog
C:\Users\kuczmama\Desktop\3DBirds\kuczmamaLab10\Debug\link.616-rc.write.1.tlog
C:\Users\kuczmama\Desktop\3DBirds\kuczmamaLab10\Debug\link.616.read.1.tlog
C:\Users\kuczmama\Desktop\3DBirds\kuczmamaLab10\Debug\link.616.write.1.tlog
C:\Users\kuczmama\Desktop\3DBirds\kuczmamaLab10\Debug\link.6172-cvtres.read.1.tlog
C:\Users\kuczmama\Desktop\3DBirds\kuczmamaLab10\Debug\link.6172-cvtres.write.1.tlog
C:\Users\kuczmama\Desktop\3DBirds\kuczmamaLab10\Debug\link.6172-rc.read.1.tlog
C:\Users\kuczmama\Desktop\3DBirds\kuczmamaLab10\Debug\link.6172-rc.write.1.tlog
C:\Users\kuczmama\Desktop\3DBirds\kuczmamaLab10\Debug\link.6172.read.1.tlog
C:\Users\kuczmama\Desktop\3DBirds\kuczmamaLab10\Debug\link.6172.write.1.tlog
C:\Users\kuczmama\Desktop\3DBirds\kuczmamaLab10\Debug\link.6248-cvtres.read.1.tlog
C:\Users\kuczmama\Desktop\3DBirds\kuczmamaLab10\Debug\link.6248-cvtres.write.1.tlog
C:\Users\kuczmama\Desktop\3DBirds\kuczmamaLab10\Debug\link.6248-rc.read.1.tlog
C:\Users\kuczmama\Desktop\3DBirds\kuczmamaLab10\Debug\link.6248-rc.write.1.tlog
C:\Users\kuczmama\Desktop\3DBirds\kuczmamaLab10\Debug\link.6248.read.1.tlog
C:\Users\kuczmama\Desktop\3DBirds\kuczmamaLab10\Debug\link.6248.write.1.tlog
C:\Users\kuczmama\Desktop\3DBirds\kuczmamaLab10\Debug\link.6284-cvtres.read.1.tlog
C:\Users\kuczmama\Desktop\3DBirds\kuczmamaLab10\Debug\link.6284-cvtres.write.1.tlog
C:\Users\kuczmama\Desktop\3DBirds\kuczmamaLab10\Debug\link.6284-rc.read.1.tlog
C:\Users\kuczmama\Desktop\3DBirds\kuczmamaLab10\Debug\link.6284-rc.write.1.tlog
C:\Users\kuczmama\Desktop\3DBirds\kuczmamaLab10\Debug\link.6284.read.1.tlog
C:\Users\kuczmama\Desktop\3DBirds\kuczmamaLab10\Debug\link.6284.write.1.tlog
C:\Users\kuczmama\Desktop\3DBirds\kuczmamaLab10\Debug\link.6524-cvtres.read.1.tlog
C:\Users\kuczmama\Desktop\3DBirds\kuczmamaLab10\Debug\link.6524-cvtres.write.1.tlog
C:\Users\kuczmama\Desktop\3DBirds\kuczmamaLab10\Debug\link.6524-rc.read.1.tlog
C:\Users\kuczmama\Desktop\3DBirds\kuczmamaLab10\Debug\link.6524-rc.write.1.tlog
C:\Users\kuczmama\Desktop\3DBirds\kuczmamaLab10\Debug\link.6524.read.1.tlog
C:\Users\kuczmama\Desktop\3DBirds\kuczmamaLab10\Debug\link.6524.write.1.tlog
C:\Users\kuczmama\Desktop\3DBirds\kuczmamaLab10\Debug\link.6540-cvtres.read.1.tlog
C:\Users\kuczmama\Desktop\3DBirds\kuczmamaLab10\Debug\link.6540-cvtres.write.1.tlog
C:\Users\kuczmama\Desktop\3DBirds\kuczmamaLab10\Debug\link.6540-rc.read.1.tlog
C:\Users\kuczmama\Desktop\3DBirds\kuczmamaLab10\Debug\link.6540-rc.write.1.tlog
C:\Users\kuczmama\Desktop\3DBirds\kuczmamaLab10\Debug\link.6540.read.1.tlog
C:\Users\kuczmama\Desktop\3DBirds\kuczmamaLab10\Debug\link.6540.write.1.tlog
C:\Users\kuczmama\Desktop\3DBirds\kuczmamaLab10\Debug\link.6656-cvtres.read.1.tlog
C:\Users\kuczmama\Desktop\3DBirds\kuczmamaLab10\Debug\link.6656-cvtres.write.1.tlog
C:\Users\kuczmama\Desktop\3DBirds\kuczmamaLab10\Debug\link.6656-rc.read.1.tlog
C:\Users\kuczmama\Desktop\3DBirds\kuczmamaLab10\Debug\link.6656-rc.write.1.tlog
C:\Users\kuczmama\Desktop\3DBirds\kuczmamaLab10\Debug\link.6656.read.1.tlog
C:\Users\kuczmama\Desktop\3DBirds\kuczmamaLab10\Debug\link.6656.write.1.tlog
C:\Users\kuczmama\Desktop\3DBirds\kuczmamaLab10\Debug\link.668-cvtres.read.1.tlog
C:\Users\kuczmama\Desktop\3DBirds\kuczmamaLab10\Debug\link.668-cvtres.write.1.tlog
C:\Users\kuczmama\Desktop\3DBirds\kuczmamaLab10\Debug\link.668-rc.read.1.tlog
C:\Users\kuczmama\Desktop\3DBirds\kuczmamaLab10\Debug\link.668-rc.write.1.tlog
C:\Users\kuczmama\Desktop\3DBirds\kuczmamaLab10\Debug\link.668.read.1.tlog
C:\Users\kuczmama\Desktop\3DBirds\kuczmamaLab10\Debug\link.668.write.1.tlog
C:\Users\kuczmama\Desktop\3DBirds\kuczmamaLab10\Debug\link.6924-cvtres.read.1.tlog
C:\Users\kuczmama\Desktop\3DBirds\kuczmamaLab10\Debug\link.6924-cvtres.write.1.tlog
C:\Users\kuczmama\Desktop\3DBirds\kuczmamaLab10\Debug\link.6924-rc.read.1.tlog
C:\Users\kuczmama\Desktop\3DBirds\kuczmamaLab10\Debug\link.6924-rc.write.1.tlog
C:\Users\kuczmama\Desktop\3DBirds\kuczmamaLab10\Debug\link.6924.read.1.tlog
C:\Users\kuczmama\Desktop\3DBirds\kuczmamaLab10\Debug\link.6924.write.1.tlog
C:\Users\kuczmama\Desktop\3DBirds\kuczmamaLab10\Debug\link.7040-cvtres.read.1.tlog
C:\Users\kuczmama\Desktop\3DBirds\kuczmamaLab10\Debug\link.7040-cvtres.write.1.tlog
C:\Users\kuczmama\Desktop\3DBirds\kuczmamaLab10\Debug\link.7040-rc.read.1.tlog
C:\Users\kuczmama\Desktop\3DBirds\kuczmamaLab10\Debug\link.7040-rc.write.1.tlog
C:\Users\kuczmama\Desktop\3DBirds\kuczmamaLab10\Debug\link.7040.read.1.tlog
C:\Users\kuczmama\Desktop\3DBirds\kuczmamaLab10\Debug\link.7040.write.1.tlog
C:\Users\kuczmama\Desktop\3DBirds\kuczmamaLab10\Debug\link.7336-cvtres.read.1.tlog
C:\Users\kuczmama\Desktop\3DBirds\kuczmamaLab10\Debug\link.7336-cvtres.write.1.tlog
C:\Users\kuczmama\Desktop\3DBirds\kuczmamaLab10\Debug\link.7336-rc.read.1.tlog
C:\Users\kuczmama\Desktop\3DBirds\kuczmamaLab10\Debug\link.7336-rc.write.1.tlog
C:\Users\kuczmama\Desktop\3DBirds\kuczmamaLab10\Debug\link.7336.read.1.tlog
C:\Users\kuczmama\Desktop\3DBirds\kuczmamaLab10\Debug\link.7336.write.1.tlog
C:\Users\kuczmama\Desktop\3DBirds\kuczmamaLab10\Debug\link.7516-cvtres.read.1.tlog
C:\Users\kuczmama\Desktop\3DBirds\kuczmamaLab10\Debug\link.7516-cvtres.write.1.tlog
C:\Users\kuczmama\Desktop\3DBirds\kuczmamaLab10\Debug\link.7516-rc.read.1.tlog
C:\Users\kuczmama\Desktop\3DBirds\kuczmamaLab10\Debug\link.7516-rc.write.1.tlog
C:\Users\kuczmama\Desktop\3DBirds\kuczmamaLab10\Debug\link.7516.read.1.tlog
C:\Users\kuczmama\Desktop\3DBirds\kuczmamaLab10\Debug\link.7516.write.1.tlog
C:\Users\kuczmama\Desktop\3DBirds\kuczmamaLab10\Debug\link.756-cvtres.read.1.tlog
C:\Users\kuczmama\Desktop\3DBirds\kuczmamaLab10\Debug\link.756-cvtres.write.1.tlog
C:\Users\kuczmama\Desktop\3DBirds\kuczmamaLab10\Debug\link.756-rc.read.1.tlog
C:\Users\kuczmama\Desktop\3DBirds\kuczmamaLab10\Debug\link.756-rc.write.1.tlog
C:\Users\kuczmama\Desktop\3DBirds\kuczmamaLab10\Debug\link.756.read.1.tlog
C:\Users\kuczmama\Desktop\3DBirds\kuczmamaLab10\Debug\link.756.write.1.tlog
C:\Users\kuczmama\Desktop\3DBirds\kuczmamaLab10\Debug\link.7728-cvtres.read.1.tlog
C:\Users\kuczmama\Desktop\3DBirds\kuczmamaLab10\Debug\link.7728-cvtres.write.1.tlog
C:\Users\kuczmama\Desktop\3DBirds\kuczmamaLab10\Debug\link.7728-rc.read.1.tlog
C:\Users\kuczmama\Desktop\3DBirds\kuczmamaLab10\Debug\link.7728-rc.write.1.tlog
C:\Users\kuczmama\Desktop\3DBirds\kuczmamaLab10\Debug\link.7728.read.1.tlog
C:\Users\kuczmama\Desktop\3DBirds\kuczmamaLab10\Debug\link.7728.write.1.tlog
C:\Users\kuczmama\Desktop\3DBirds\kuczmamaLab10\Debug\link.7904-cvtres.read.1.tlog
C:\Users\kuczmama\Desktop\3DBirds\kuczmamaLab10\Debug\link.7904-cvtres.write.1.tlog
C:\Users\kuczmama\Desktop\3DBirds\kuczmamaLab10\Debug\link.7904-rc.read.1.tlog
C:\Users\kuczmama\Desktop\3DBirds\kuczmamaLab10\Debug\link.7904-rc.write.1.tlog
C:\Users\kuczmama\Desktop\3DBirds\kuczmamaLab10\Debug\link.7904.read.1.tlog
C:\Users\kuczmama\Desktop\3DBirds\kuczmamaLab10\Debug\link.7904.write.1.tlog
C:\Users\kuczmama\Desktop\3DBirds\kuczmamaLab10\Debug\link.928-cvtres.read.1.tlog
C:\Users\kuczmama\Desktop\3DBirds\kuczmamaLab10\Debug\link.928-cvtres.write.1.tlog
C:\Users\kuczmama\Desktop\3DBirds\kuczmamaLab10\Debug\link.928-rc.read.1.tlog
C:\Users\kuczmama\Desktop\3DBirds\kuczmamaLab10\Debug\link.928-rc.write.1.tlog
C:\Users\kuczmama\Desktop\3DBirds\kuczmamaLab10\Debug\link.928.read.1.tlog
C:\Users\kuczmama\Desktop\3DBirds\kuczmamaLab10\Debug\link.928.write.1.tlog
C:\Users\kuczmama\Desktop\3DBirds\kuczmamaLab10\Debug\link.command.1.tlog
C:\Users\kuczmama\Desktop\3DBirds\kuczmamaLab10\Debug\link.read.1.tlog
C:\Users\kuczmama\Desktop\3DBirds\kuczmamaLab10\Debug\link.write.1.tlog
C:\Users\kuczmama\Desktop\3DBirds\kuczmamaLab10\Debug\vc110.idb
C:\Users\kuczmama\Desktop\3DBirds\kuczmamaLab10\Debug\vc110.pdb
C:\Users\kuczmama\Desktop\3DBirds\Debug\kuczmamaLab10.pdb
C:\Users\kuczmama\Desktop\3DBirds\Debug\kuczmamaLab10.exe
C:\Users\kuczmama\Desktop\3DBirds\Debug\kuczmamaLab10.ilk
