C:\USERS\KUCZMAMA\DOWNLOADS\OPENGLCSE386 (1)\OPENGLCSE386\KUCZMAMALAB8\DEBUG\KUCZMAMALAB8.OBJ
C:\USERS\KUCZMAMA\DOWNLOADS\OPENGLCSE386 (1)\OPENGLCSE386\KUCZMAMALAB8\DEBUG\PYRAMID.OBJ
C:\USERS\KUCZMAMA\DOWNLOADS\OPENGLCSE386 (1)\OPENGLCSE386\KUCZMAMALAB8\DEBUG\VC110.PDB
C:\USERS\KUCZMAMA\DOWNLOADS\OPENGLCSE386 (1)\OPENGLCSE386\DEBUG\KUCZMAMALAB8.ILK
C:\USERS\KUCZMAMA\DOWNLOADS\OPENGLCSE386 (1)\OPENGLCSE386\DEBUG\KUCZMAMALAB8.EXE
C:\USERS\KUCZMAMA\DOWNLOADS\OPENGLCSE386 (1)\OPENGLCSE386\DEBUG\KUCZMAMALAB8.PDB
C:\Users\kuczmama\Downloads\OpenGlCse386 (1)\OpenGlCse386\kuczmamaLab8\Debug\kuczmamaLab8.obj
C:\Users\kuczmama\Downloads\OpenGlCse386 (1)\OpenGlCse386\kuczmamaLab8\Debug\Pyramid.obj
C:\Users\kuczmama\Downloads\OpenGlCse386 (1)\OpenGlCse386\kuczmamaLab8\Debug\cl.command.1.tlog
C:\Users\kuczmama\Downloads\OpenGlCse386 (1)\OpenGlCse386\kuczmamaLab8\Debug\CL.read.1.tlog
C:\Users\kuczmama\Downloads\OpenGlCse386 (1)\OpenGlCse386\kuczmamaLab8\Debug\CL.write.1.tlog
C:\Users\kuczmama\Downloads\OpenGlCse386 (1)\OpenGlCse386\kuczmamaLab8\Debug\link-cvtres.read.1.tlog
C:\Users\kuczmama\Downloads\OpenGlCse386 (1)\OpenGlCse386\kuczmamaLab8\Debug\link-cvtres.write.1.tlog
C:\Users\kuczmama\Downloads\OpenGlCse386 (1)\OpenGlCse386\kuczmamaLab8\Debug\link-rc.read.1.tlog
C:\Users\kuczmama\Downloads\OpenGlCse386 (1)\OpenGlCse386\kuczmamaLab8\Debug\link-rc.write.1.tlog
C:\Users\kuczmama\Downloads\OpenGlCse386 (1)\OpenGlCse386\kuczmamaLab8\Debug\link.10356-cvtres.read.1.tlog
C:\Users\kuczmama\Downloads\OpenGlCse386 (1)\OpenGlCse386\kuczmamaLab8\Debug\link.10356-cvtres.write.1.tlog
C:\Users\kuczmama\Downloads\OpenGlCse386 (1)\OpenGlCse386\kuczmamaLab8\Debug\link.10356-rc.read.1.tlog
C:\Users\kuczmama\Downloads\OpenGlCse386 (1)\OpenGlCse386\kuczmamaLab8\Debug\link.10356-rc.write.1.tlog
C:\Users\kuczmama\Downloads\OpenGlCse386 (1)\OpenGlCse386\kuczmamaLab8\Debug\link.10356.read.1.tlog
C:\Users\kuczmama\Downloads\OpenGlCse386 (1)\OpenGlCse386\kuczmamaLab8\Debug\link.10356.write.1.tlog
C:\Users\kuczmama\Downloads\OpenGlCse386 (1)\OpenGlCse386\kuczmamaLab8\Debug\link.10404-cvtres.read.1.tlog
C:\Users\kuczmama\Downloads\OpenGlCse386 (1)\OpenGlCse386\kuczmamaLab8\Debug\link.10404-cvtres.write.1.tlog
C:\Users\kuczmama\Downloads\OpenGlCse386 (1)\OpenGlCse386\kuczmamaLab8\Debug\link.10404-rc.read.1.tlog
C:\Users\kuczmama\Downloads\OpenGlCse386 (1)\OpenGlCse386\kuczmamaLab8\Debug\link.10404-rc.write.1.tlog
C:\Users\kuczmama\Downloads\OpenGlCse386 (1)\OpenGlCse386\kuczmamaLab8\Debug\link.10404.read.1.tlog
C:\Users\kuczmama\Downloads\OpenGlCse386 (1)\OpenGlCse386\kuczmamaLab8\Debug\link.10404.write.1.tlog
C:\Users\kuczmama\Downloads\OpenGlCse386 (1)\OpenGlCse386\kuczmamaLab8\Debug\link.4120-cvtres.read.1.tlog
C:\Users\kuczmama\Downloads\OpenGlCse386 (1)\OpenGlCse386\kuczmamaLab8\Debug\link.4120-cvtres.write.1.tlog
C:\Users\kuczmama\Downloads\OpenGlCse386 (1)\OpenGlCse386\kuczmamaLab8\Debug\link.4120-rc.read.1.tlog
C:\Users\kuczmama\Downloads\OpenGlCse386 (1)\OpenGlCse386\kuczmamaLab8\Debug\link.4120-rc.write.1.tlog
C:\Users\kuczmama\Downloads\OpenGlCse386 (1)\OpenGlCse386\kuczmamaLab8\Debug\link.4120.read.1.tlog
C:\Users\kuczmama\Downloads\OpenGlCse386 (1)\OpenGlCse386\kuczmamaLab8\Debug\link.4120.write.1.tlog
C:\Users\kuczmama\Downloads\OpenGlCse386 (1)\OpenGlCse386\kuczmamaLab8\Debug\link.6172-cvtres.read.1.tlog
C:\Users\kuczmama\Downloads\OpenGlCse386 (1)\OpenGlCse386\kuczmamaLab8\Debug\link.6172-cvtres.write.1.tlog
C:\Users\kuczmama\Downloads\OpenGlCse386 (1)\OpenGlCse386\kuczmamaLab8\Debug\link.6172-rc.read.1.tlog
C:\Users\kuczmama\Downloads\OpenGlCse386 (1)\OpenGlCse386\kuczmamaLab8\Debug\link.6172-rc.write.1.tlog
C:\Users\kuczmama\Downloads\OpenGlCse386 (1)\OpenGlCse386\kuczmamaLab8\Debug\link.6172.read.1.tlog
C:\Users\kuczmama\Downloads\OpenGlCse386 (1)\OpenGlCse386\kuczmamaLab8\Debug\link.6172.write.1.tlog
C:\Users\kuczmama\Downloads\OpenGlCse386 (1)\OpenGlCse386\kuczmamaLab8\Debug\link.7372-cvtres.read.1.tlog
C:\Users\kuczmama\Downloads\OpenGlCse386 (1)\OpenGlCse386\kuczmamaLab8\Debug\link.7372-cvtres.write.1.tlog
C:\Users\kuczmama\Downloads\OpenGlCse386 (1)\OpenGlCse386\kuczmamaLab8\Debug\link.7372-rc.read.1.tlog
C:\Users\kuczmama\Downloads\OpenGlCse386 (1)\OpenGlCse386\kuczmamaLab8\Debug\link.7372-rc.write.1.tlog
C:\Users\kuczmama\Downloads\OpenGlCse386 (1)\OpenGlCse386\kuczmamaLab8\Debug\link.7372.read.1.tlog
C:\Users\kuczmama\Downloads\OpenGlCse386 (1)\OpenGlCse386\kuczmamaLab8\Debug\link.7372.write.1.tlog
C:\Users\kuczmama\Downloads\OpenGlCse386 (1)\OpenGlCse386\kuczmamaLab8\Debug\link.7412-cvtres.read.1.tlog
C:\Users\kuczmama\Downloads\OpenGlCse386 (1)\OpenGlCse386\kuczmamaLab8\Debug\link.7412-cvtres.write.1.tlog
C:\Users\kuczmama\Downloads\OpenGlCse386 (1)\OpenGlCse386\kuczmamaLab8\Debug\link.7412-rc.read.1.tlog
C:\Users\kuczmama\Downloads\OpenGlCse386 (1)\OpenGlCse386\kuczmamaLab8\Debug\link.7412-rc.write.1.tlog
C:\Users\kuczmama\Downloads\OpenGlCse386 (1)\OpenGlCse386\kuczmamaLab8\Debug\link.7412.read.1.tlog
C:\Users\kuczmama\Downloads\OpenGlCse386 (1)\OpenGlCse386\kuczmamaLab8\Debug\link.7412.write.1.tlog
C:\Users\kuczmama\Downloads\OpenGlCse386 (1)\OpenGlCse386\kuczmamaLab8\Debug\link.7880-cvtres.read.1.tlog
C:\Users\kuczmama\Downloads\OpenGlCse386 (1)\OpenGlCse386\kuczmamaLab8\Debug\link.7880-cvtres.write.1.tlog
C:\Users\kuczmama\Downloads\OpenGlCse386 (1)\OpenGlCse386\kuczmamaLab8\Debug\link.7880-rc.read.1.tlog
C:\Users\kuczmama\Downloads\OpenGlCse386 (1)\OpenGlCse386\kuczmamaLab8\Debug\link.7880-rc.write.1.tlog
C:\Users\kuczmama\Downloads\OpenGlCse386 (1)\OpenGlCse386\kuczmamaLab8\Debug\link.7880.read.1.tlog
C:\Users\kuczmama\Downloads\OpenGlCse386 (1)\OpenGlCse386\kuczmamaLab8\Debug\link.7880.write.1.tlog
C:\Users\kuczmama\Downloads\OpenGlCse386 (1)\OpenGlCse386\kuczmamaLab8\Debug\link.8096-cvtres.read.1.tlog
C:\Users\kuczmama\Downloads\OpenGlCse386 (1)\OpenGlCse386\kuczmamaLab8\Debug\link.8096-cvtres.write.1.tlog
C:\Users\kuczmama\Downloads\OpenGlCse386 (1)\OpenGlCse386\kuczmamaLab8\Debug\link.8096-rc.read.1.tlog
C:\Users\kuczmama\Downloads\OpenGlCse386 (1)\OpenGlCse386\kuczmamaLab8\Debug\link.8096-rc.write.1.tlog
C:\Users\kuczmama\Downloads\OpenGlCse386 (1)\OpenGlCse386\kuczmamaLab8\Debug\link.8096.read.1.tlog
C:\Users\kuczmama\Downloads\OpenGlCse386 (1)\OpenGlCse386\kuczmamaLab8\Debug\link.8096.write.1.tlog
C:\Users\kuczmama\Downloads\OpenGlCse386 (1)\OpenGlCse386\kuczmamaLab8\Debug\link.8116-cvtres.read.1.tlog
C:\Users\kuczmama\Downloads\OpenGlCse386 (1)\OpenGlCse386\kuczmamaLab8\Debug\link.8116-cvtres.write.1.tlog
C:\Users\kuczmama\Downloads\OpenGlCse386 (1)\OpenGlCse386\kuczmamaLab8\Debug\link.8116-rc.read.1.tlog
C:\Users\kuczmama\Downloads\OpenGlCse386 (1)\OpenGlCse386\kuczmamaLab8\Debug\link.8116-rc.write.1.tlog
C:\Users\kuczmama\Downloads\OpenGlCse386 (1)\OpenGlCse386\kuczmamaLab8\Debug\link.8116.read.1.tlog
C:\Users\kuczmama\Downloads\OpenGlCse386 (1)\OpenGlCse386\kuczmamaLab8\Debug\link.8116.write.1.tlog
C:\Users\kuczmama\Downloads\OpenGlCse386 (1)\OpenGlCse386\kuczmamaLab8\Debug\link.8324-cvtres.read.1.tlog
C:\Users\kuczmama\Downloads\OpenGlCse386 (1)\OpenGlCse386\kuczmamaLab8\Debug\link.8324-cvtres.write.1.tlog
C:\Users\kuczmama\Downloads\OpenGlCse386 (1)\OpenGlCse386\kuczmamaLab8\Debug\link.8324-rc.read.1.tlog
C:\Users\kuczmama\Downloads\OpenGlCse386 (1)\OpenGlCse386\kuczmamaLab8\Debug\link.8324-rc.write.1.tlog
C:\Users\kuczmama\Downloads\OpenGlCse386 (1)\OpenGlCse386\kuczmamaLab8\Debug\link.8324.read.1.tlog
C:\Users\kuczmama\Downloads\OpenGlCse386 (1)\OpenGlCse386\kuczmamaLab8\Debug\link.8324.write.1.tlog
C:\Users\kuczmama\Downloads\OpenGlCse386 (1)\OpenGlCse386\kuczmamaLab8\Debug\link.8376-cvtres.read.1.tlog
C:\Users\kuczmama\Downloads\OpenGlCse386 (1)\OpenGlCse386\kuczmamaLab8\Debug\link.8376-cvtres.write.1.tlog
C:\Users\kuczmama\Downloads\OpenGlCse386 (1)\OpenGlCse386\kuczmamaLab8\Debug\link.8376-rc.read.1.tlog
C:\Users\kuczmama\Downloads\OpenGlCse386 (1)\OpenGlCse386\kuczmamaLab8\Debug\link.8376-rc.write.1.tlog
C:\Users\kuczmama\Downloads\OpenGlCse386 (1)\OpenGlCse386\kuczmamaLab8\Debug\link.8376.read.1.tlog
C:\Users\kuczmama\Downloads\OpenGlCse386 (1)\OpenGlCse386\kuczmamaLab8\Debug\link.8376.write.1.tlog
C:\Users\kuczmama\Downloads\OpenGlCse386 (1)\OpenGlCse386\kuczmamaLab8\Debug\link.8464-cvtres.read.1.tlog
C:\Users\kuczmama\Downloads\OpenGlCse386 (1)\OpenGlCse386\kuczmamaLab8\Debug\link.8464-cvtres.write.1.tlog
C:\Users\kuczmama\Downloads\OpenGlCse386 (1)\OpenGlCse386\kuczmamaLab8\Debug\link.8464-rc.read.1.tlog
C:\Users\kuczmama\Downloads\OpenGlCse386 (1)\OpenGlCse386\kuczmamaLab8\Debug\link.8464-rc.write.1.tlog
C:\Users\kuczmama\Downloads\OpenGlCse386 (1)\OpenGlCse386\kuczmamaLab8\Debug\link.8464.read.1.tlog
C:\Users\kuczmama\Downloads\OpenGlCse386 (1)\OpenGlCse386\kuczmamaLab8\Debug\link.8464.write.1.tlog
C:\Users\kuczmama\Downloads\OpenGlCse386 (1)\OpenGlCse386\kuczmamaLab8\Debug\link.8572-cvtres.read.1.tlog
C:\Users\kuczmama\Downloads\OpenGlCse386 (1)\OpenGlCse386\kuczmamaLab8\Debug\link.8572-cvtres.write.1.tlog
C:\Users\kuczmama\Downloads\OpenGlCse386 (1)\OpenGlCse386\kuczmamaLab8\Debug\link.8572-rc.read.1.tlog
C:\Users\kuczmama\Downloads\OpenGlCse386 (1)\OpenGlCse386\kuczmamaLab8\Debug\link.8572-rc.write.1.tlog
C:\Users\kuczmama\Downloads\OpenGlCse386 (1)\OpenGlCse386\kuczmamaLab8\Debug\link.8572.read.1.tlog
C:\Users\kuczmama\Downloads\OpenGlCse386 (1)\OpenGlCse386\kuczmamaLab8\Debug\link.8572.write.1.tlog
C:\Users\kuczmama\Downloads\OpenGlCse386 (1)\OpenGlCse386\kuczmamaLab8\Debug\link.9072-cvtres.read.1.tlog
C:\Users\kuczmama\Downloads\OpenGlCse386 (1)\OpenGlCse386\kuczmamaLab8\Debug\link.9072-cvtres.write.1.tlog
C:\Users\kuczmama\Downloads\OpenGlCse386 (1)\OpenGlCse386\kuczmamaLab8\Debug\link.9072-rc.read.1.tlog
C:\Users\kuczmama\Downloads\OpenGlCse386 (1)\OpenGlCse386\kuczmamaLab8\Debug\link.9072-rc.write.1.tlog
C:\Users\kuczmama\Downloads\OpenGlCse386 (1)\OpenGlCse386\kuczmamaLab8\Debug\link.9072.read.1.tlog
C:\Users\kuczmama\Downloads\OpenGlCse386 (1)\OpenGlCse386\kuczmamaLab8\Debug\link.9072.write.1.tlog
C:\Users\kuczmama\Downloads\OpenGlCse386 (1)\OpenGlCse386\kuczmamaLab8\Debug\link.9160-cvtres.read.1.tlog
C:\Users\kuczmama\Downloads\OpenGlCse386 (1)\OpenGlCse386\kuczmamaLab8\Debug\link.9160-cvtres.write.1.tlog
C:\Users\kuczmama\Downloads\OpenGlCse386 (1)\OpenGlCse386\kuczmamaLab8\Debug\link.9160-rc.read.1.tlog
C:\Users\kuczmama\Downloads\OpenGlCse386 (1)\OpenGlCse386\kuczmamaLab8\Debug\link.9160-rc.write.1.tlog
C:\Users\kuczmama\Downloads\OpenGlCse386 (1)\OpenGlCse386\kuczmamaLab8\Debug\link.9160.read.1.tlog
C:\Users\kuczmama\Downloads\OpenGlCse386 (1)\OpenGlCse386\kuczmamaLab8\Debug\link.9160.write.1.tlog
C:\Users\kuczmama\Downloads\OpenGlCse386 (1)\OpenGlCse386\kuczmamaLab8\Debug\link.9220-cvtres.read.1.tlog
C:\Users\kuczmama\Downloads\OpenGlCse386 (1)\OpenGlCse386\kuczmamaLab8\Debug\link.9220-cvtres.write.1.tlog
C:\Users\kuczmama\Downloads\OpenGlCse386 (1)\OpenGlCse386\kuczmamaLab8\Debug\link.9220-rc.read.1.tlog
C:\Users\kuczmama\Downloads\OpenGlCse386 (1)\OpenGlCse386\kuczmamaLab8\Debug\link.9220-rc.write.1.tlog
C:\Users\kuczmama\Downloads\OpenGlCse386 (1)\OpenGlCse386\kuczmamaLab8\Debug\link.9220.read.1.tlog
C:\Users\kuczmama\Downloads\OpenGlCse386 (1)\OpenGlCse386\kuczmamaLab8\Debug\link.9220.write.1.tlog
C:\Users\kuczmama\Downloads\OpenGlCse386 (1)\OpenGlCse386\kuczmamaLab8\Debug\link.9496-cvtres.read.1.tlog
C:\Users\kuczmama\Downloads\OpenGlCse386 (1)\OpenGlCse386\kuczmamaLab8\Debug\link.9496-cvtres.write.1.tlog
C:\Users\kuczmama\Downloads\OpenGlCse386 (1)\OpenGlCse386\kuczmamaLab8\Debug\link.9496-rc.read.1.tlog
C:\Users\kuczmama\Downloads\OpenGlCse386 (1)\OpenGlCse386\kuczmamaLab8\Debug\link.9496-rc.write.1.tlog
C:\Users\kuczmama\Downloads\OpenGlCse386 (1)\OpenGlCse386\kuczmamaLab8\Debug\link.9496.read.1.tlog
C:\Users\kuczmama\Downloads\OpenGlCse386 (1)\OpenGlCse386\kuczmamaLab8\Debug\link.9496.write.1.tlog
C:\Users\kuczmama\Downloads\OpenGlCse386 (1)\OpenGlCse386\kuczmamaLab8\Debug\link.command.1.tlog
C:\Users\kuczmama\Downloads\OpenGlCse386 (1)\OpenGlCse386\kuczmamaLab8\Debug\link.read.1.tlog
C:\Users\kuczmama\Downloads\OpenGlCse386 (1)\OpenGlCse386\kuczmamaLab8\Debug\link.write.1.tlog
C:\Users\kuczmama\Downloads\OpenGlCse386 (1)\OpenGlCse386\kuczmamaLab8\Debug\vc110.idb
C:\Users\kuczmama\Downloads\OpenGlCse386 (1)\OpenGlCse386\kuczmamaLab8\Debug\vc110.pdb
C:\Users\kuczmama\Downloads\OpenGlCse386 (1)\OpenGlCse386\Debug\kuczmamaLab8.pdb
C:\Users\kuczmama\Downloads\OpenGlCse386 (1)\OpenGlCse386\Debug\kuczmamaLab8.exe
C:\Users\kuczmama\Downloads\OpenGlCse386 (1)\OpenGlCse386\Debug\kuczmamaLab8.ilk
